{"/Users/andriy/tdj/frontend/src/App.tsx": {"path":"/Users/andriy/tdj/frontend/src/App.tsx","all":true,"statementMap":{"0":{"start":{"line":1,"column":0},"end":{"line":1,"column":47}},"2":{"start":{"line":3,"column":0},"end":{"line":3,"column":16}},"3":{"start":{"line":4,"column":0},"end":{"line":4,"column":23}},"4":{"start":{"line":5,"column":0},"end":{"line":5,"column":1}},"6":{"start":{"line":7,"column":0},"end":{"line":7,"column":18}}},"s":{"0":0,"2":0,"3":0,"4":0,"6":0},"branchMap":{"0":{"type":"branch","line":1,"loc":{"start":{"line":1,"column":111},"end":{"line":7,"column":18}},"locations":[{"start":{"line":1,"column":111},"end":{"line":7,"column":18}}]}},"b":{"0":[0]},"fnMap":{"0":{"name":"(empty-report)","decl":{"start":{"line":1,"column":111},"end":{"line":7,"column":18}},"loc":{"start":{"line":1,"column":111},"end":{"line":7,"column":18}},"line":1}},"f":{"0":0}}
,"/Users/andriy/tdj/frontend/src/main.tsx": {"path":"/Users/andriy/tdj/frontend/src/main.tsx","all":true,"statementMap":{"0":{"start":{"line":1,"column":0},"end":{"line":1,"column":34}},"1":{"start":{"line":2,"column":0},"end":{"line":2,"column":45}},"2":{"start":{"line":3,"column":0},"end":{"line":3,"column":38}},"3":{"start":{"line":4,"column":0},"end":{"line":4,"column":61}},"4":{"start":{"line":5,"column":0},"end":{"line":5,"column":23}},"5":{"start":{"line":6,"column":0},"end":{"line":6,"column":46}},"6":{"start":{"line":7,"column":0},"end":{"line":7,"column":29}},"8":{"start":{"line":9,"column":0},"end":{"line":9,"column":52}},"9":{"start":{"line":10,"column":0},"end":{"line":10,"column":14}},"10":{"start":{"line":11,"column":0},"end":{"line":11,"column":28}},"11":{"start":{"line":12,"column":0},"end":{"line":12,"column":56}},"12":{"start":{"line":13,"column":0},"end":{"line":13,"column":15}},"13":{"start":{"line":14,"column":0},"end":{"line":14,"column":20}},"14":{"start":{"line":15,"column":0},"end":{"line":15,"column":15}},"15":{"start":{"line":16,"column":0},"end":{"line":16,"column":16}},"16":{"start":{"line":17,"column":0},"end":{"line":17,"column":1}}},"s":{"0":0,"1":0,"2":0,"3":0,"4":0,"5":0,"6":0,"8":0,"9":0,"10":0,"11":0,"12":0,"13":0,"14":0,"15":0,"16":0},"branchMap":{"0":{"type":"branch","line":1,"loc":{"start":{"line":1,"column":446},"end":{"line":17,"column":-327}},"locations":[{"start":{"line":1,"column":446},"end":{"line":17,"column":-327}}]}},"b":{"0":[0]},"fnMap":{"0":{"name":"(empty-report)","decl":{"start":{"line":1,"column":446},"end":{"line":17,"column":-327}},"loc":{"start":{"line":1,"column":446},"end":{"line":17,"column":-327}},"line":1}},"f":{"0":0}}
,"/Users/andriy/tdj/frontend/src/api/searchClient.ts": {"path":"/Users/andriy/tdj/frontend/src/api/searchClient.ts","all":false,"statementMap":{"2":{"start":{"line":3,"column":0},"end":{"line":3,"column":77}},"3":{"start":{"line":4,"column":0},"end":{"line":4,"column":44}},"5":{"start":{"line":6,"column":0},"end":{"line":6,"column":47}},"6":{"start":{"line":7,"column":0},"end":{"line":7,"column":17}},"7":{"start":{"line":8,"column":0},"end":{"line":8,"column":27}},"8":{"start":{"line":9,"column":0},"end":{"line":9,"column":36}},"9":{"start":{"line":10,"column":0},"end":{"line":10,"column":3}},"10":{"start":{"line":11,"column":0},"end":{"line":11,"column":1}},"18":{"start":{"line":19,"column":0},"end":{"line":19,"column":69}},"19":{"start":{"line":20,"column":0},"end":{"line":20,"column":52}},"20":{"start":{"line":21,"column":0},"end":{"line":21,"column":1}},"22":{"start":{"line":23,"column":0},"end":{"line":23,"column":80}},"23":{"start":{"line":24,"column":0},"end":{"line":24,"column":39}},"25":{"start":{"line":26,"column":0},"end":{"line":26,"column":50}},"26":{"start":{"line":27,"column":0},"end":{"line":27,"column":52}},"27":{"start":{"line":28,"column":0},"end":{"line":28,"column":33}},"28":{"start":{"line":29,"column":0},"end":{"line":29,"column":82}},"29":{"start":{"line":30,"column":0},"end":{"line":30,"column":30}},"30":{"start":{"line":31,"column":0},"end":{"line":31,"column":5}},"31":{"start":{"line":32,"column":0},"end":{"line":32,"column":3}},"33":{"start":{"line":34,"column":0},"end":{"line":34,"column":70}},"34":{"start":{"line":35,"column":0},"end":{"line":35,"column":1}},"36":{"start":{"line":37,"column":0},"end":{"line":37,"column":66}},"37":{"start":{"line":38,"column":0},"end":{"line":38,"column":57}},"38":{"start":{"line":39,"column":0},"end":{"line":39,"column":42}},"39":{"start":{"line":40,"column":0},"end":{"line":40,"column":3}},"41":{"start":{"line":42,"column":0},"end":{"line":42,"column":44}},"42":{"start":{"line":43,"column":0},"end":{"line":43,"column":20}},"43":{"start":{"line":44,"column":0},"end":{"line":44,"column":61}},"44":{"start":{"line":45,"column":0},"end":{"line":45,"column":12}},"45":{"start":{"line":46,"column":0},"end":{"line":46,"column":13}},"46":{"start":{"line":47,"column":0},"end":{"line":47,"column":50}},"47":{"start":{"line":48,"column":0},"end":{"line":48,"column":18}},"48":{"start":{"line":49,"column":0},"end":{"line":49,"column":5}},"49":{"start":{"line":50,"column":0},"end":{"line":50,"column":3}},"51":{"start":{"line":52,"column":0},"end":{"line":52,"column":68}},"52":{"start":{"line":53,"column":0},"end":{"line":53,"column":1}},"54":{"start":{"line":55,"column":0},"end":{"line":55,"column":29}},"55":{"start":{"line":56,"column":0},"end":{"line":56,"column":16}},"56":{"start":{"line":57,"column":0},"end":{"line":57,"column":25}},"57":{"start":{"line":58,"column":0},"end":{"line":58,"column":11}},"58":{"start":{"line":59,"column":0},"end":{"line":59,"column":23}},"67":{"start":{"line":68,"column":0},"end":{"line":68,"column":4}},"68":{"start":{"line":69,"column":0},"end":{"line":69,"column":7}},"69":{"start":{"line":70,"column":0},"end":{"line":70,"column":46}},"70":{"start":{"line":71,"column":0},"end":{"line":71,"column":21}},"71":{"start":{"line":72,"column":0},"end":{"line":72,"column":54}},"72":{"start":{"line":73,"column":0},"end":{"line":73,"column":83}},"73":{"start":{"line":74,"column":0},"end":{"line":74,"column":13}},"74":{"start":{"line":75,"column":0},"end":{"line":75,"column":6}},"76":{"start":{"line":77,"column":0},"end":{"line":77,"column":65}},"78":{"start":{"line":79,"column":0},"end":{"line":79,"column":23}},"79":{"start":{"line":80,"column":0},"end":{"line":80,"column":49}},"80":{"start":{"line":81,"column":0},"end":{"line":81,"column":5}},"82":{"start":{"line":83,"column":0},"end":{"line":83,"column":20}},"91":{"start":{"line":92,"column":0},"end":{"line":92,"column":19}},"92":{"start":{"line":93,"column":0},"end":{"line":93,"column":71}},"93":{"start":{"line":94,"column":0},"end":{"line":94,"column":36}},"94":{"start":{"line":95,"column":0},"end":{"line":95,"column":5}},"95":{"start":{"line":96,"column":0},"end":{"line":96,"column":46}},"96":{"start":{"line":97,"column":0},"end":{"line":97,"column":17}},"97":{"start":{"line":98,"column":0},"end":{"line":98,"column":5}},"98":{"start":{"line":99,"column":0},"end":{"line":99,"column":99}},"99":{"start":{"line":100,"column":0},"end":{"line":100,"column":40}},"100":{"start":{"line":101,"column":0},"end":{"line":101,"column":5}},"101":{"start":{"line":102,"column":0},"end":{"line":102,"column":11}},"102":{"start":{"line":103,"column":0},"end":{"line":103,"column":16}},"103":{"start":{"line":104,"column":0},"end":{"line":104,"column":56}},"104":{"start":{"line":105,"column":0},"end":{"line":105,"column":24}},"105":{"start":{"line":106,"column":0},"end":{"line":106,"column":3}},"106":{"start":{"line":107,"column":0},"end":{"line":107,"column":1}}},"s":{"2":1,"3":1,"5":1,"6":1,"7":1,"8":1,"9":1,"10":1,"18":11,"19":11,"20":11,"22":2,"23":2,"25":1,"26":1,"27":1,"28":1,"29":1,"30":1,"31":1,"33":2,"34":2,"36":4,"37":4,"38":2,"39":2,"41":2,"42":4,"43":1,"44":1,"45":1,"46":1,"47":1,"48":1,"49":1,"51":1,"52":1,"54":9,"55":9,"56":9,"57":9,"58":9,"67":9,"68":9,"69":9,"70":9,"71":9,"72":9,"73":9,"74":9,"76":7,"78":9,"79":4,"80":4,"82":3,"91":9,"92":6,"93":1,"94":1,"95":6,"96":0,"97":0,"98":6,"99":4,"100":4,"101":1,"102":1,"103":1,"104":1,"105":1,"106":9},"branchMap":{"0":{"type":"branch","line":7,"loc":{"start":{"line":7,"column":2},"end":{"line":10,"column":3}},"locations":[{"start":{"line":7,"column":2},"end":{"line":10,"column":3}}]},"1":{"type":"branch","line":19,"loc":{"start":{"line":19,"column":0},"end":{"line":21,"column":1}},"locations":[{"start":{"line":19,"column":0},"end":{"line":21,"column":1}}]},"2":{"type":"branch","line":23,"loc":{"start":{"line":23,"column":0},"end":{"line":35,"column":1}},"locations":[{"start":{"line":23,"column":0},"end":{"line":35,"column":1}}]},"3":{"type":"branch","line":24,"loc":{"start":{"line":24,"column":23},"end":{"line":34,"column":61}},"locations":[{"start":{"line":24,"column":23},"end":{"line":34,"column":61}}]},"4":{"type":"branch","line":28,"loc":{"start":{"line":28,"column":25},"end":{"line":28,"column":33}},"locations":[{"start":{"line":28,"column":25},"end":{"line":28,"column":33}}]},"5":{"type":"branch","line":34,"loc":{"start":{"line":34,"column":47},"end":{"line":34,"column":70}},"locations":[{"start":{"line":34,"column":47},"end":{"line":34,"column":70}}]},"6":{"type":"branch","line":29,"loc":{"start":{"line":29,"column":44},"end":{"line":29,"column":78}},"locations":[{"start":{"line":29,"column":44},"end":{"line":29,"column":78}}]},"7":{"type":"branch","line":37,"loc":{"start":{"line":37,"column":0},"end":{"line":53,"column":1}},"locations":[{"start":{"line":37,"column":0},"end":{"line":53,"column":1}}]},"8":{"type":"branch","line":38,"loc":{"start":{"line":38,"column":19},"end":{"line":38,"column":56}},"locations":[{"start":{"line":38,"column":19},"end":{"line":38,"column":56}}]},"9":{"type":"branch","line":38,"loc":{"start":{"line":38,"column":56},"end":{"line":43,"column":19}},"locations":[{"start":{"line":38,"column":56},"end":{"line":43,"column":19}}]},"10":{"type":"branch","line":43,"loc":{"start":{"line":43,"column":19},"end":{"line":53,"column":1}},"locations":[{"start":{"line":43,"column":19},"end":{"line":53,"column":1}}]},"11":{"type":"branch","line":47,"loc":{"start":{"line":47,"column":15},"end":{"line":47,"column":50}},"locations":[{"start":{"line":47,"column":15},"end":{"line":47,"column":50}}]},"12":{"type":"branch","line":55,"loc":{"start":{"line":55,"column":0},"end":{"line":107,"column":1}},"locations":[{"start":{"line":55,"column":0},"end":{"line":107,"column":1}}]},"13":{"type":"branch","line":75,"loc":{"start":{"line":75,"column":5},"end":{"line":79,"column":22}},"locations":[{"start":{"line":75,"column":5},"end":{"line":79,"column":22}}]},"14":{"type":"branch","line":79,"loc":{"start":{"line":79,"column":22},"end":{"line":81,"column":5}},"locations":[{"start":{"line":79,"column":22},"end":{"line":81,"column":5}}]},"15":{"type":"branch","line":81,"loc":{"start":{"line":81,"column":4},"end":{"line":92,"column":11}},"locations":[{"start":{"line":81,"column":4},"end":{"line":92,"column":11}}]},"16":{"type":"branch","line":92,"loc":{"start":{"line":92,"column":2},"end":{"line":106,"column":3}},"locations":[{"start":{"line":92,"column":2},"end":{"line":106,"column":3}}]},"17":{"type":"branch","line":93,"loc":{"start":{"line":93,"column":25},"end":{"line":93,"column":70}},"locations":[{"start":{"line":93,"column":25},"end":{"line":93,"column":70}}]},"18":{"type":"branch","line":93,"loc":{"start":{"line":93,"column":70},"end":{"line":95,"column":5}},"locations":[{"start":{"line":93,"column":70},"end":{"line":95,"column":5}}]},"19":{"type":"branch","line":95,"loc":{"start":{"line":95,"column":4},"end":{"line":96,"column":45}},"locations":[{"start":{"line":95,"column":4},"end":{"line":96,"column":45}}]},"20":{"type":"branch","line":96,"loc":{"start":{"line":96,"column":45},"end":{"line":98,"column":5}},"locations":[{"start":{"line":96,"column":45},"end":{"line":98,"column":5}}]},"21":{"type":"branch","line":98,"loc":{"start":{"line":98,"column":4},"end":{"line":99,"column":63}},"locations":[{"start":{"line":98,"column":4},"end":{"line":99,"column":63}}]},"22":{"type":"branch","line":99,"loc":{"start":{"line":99,"column":51},"end":{"line":99,"column":98}},"locations":[{"start":{"line":99,"column":51},"end":{"line":99,"column":98}}]},"23":{"type":"branch","line":99,"loc":{"start":{"line":99,"column":98},"end":{"line":101,"column":5}},"locations":[{"start":{"line":99,"column":98},"end":{"line":101,"column":5}}]},"24":{"type":"branch","line":101,"loc":{"start":{"line":101,"column":4},"end":{"line":106,"column":3}},"locations":[{"start":{"line":101,"column":4},"end":{"line":106,"column":3}}]}},"b":{"0":[1],"1":[11],"2":[2],"3":[1],"4":[0],"5":[0],"6":[1],"7":[4],"8":[3],"9":[2],"10":[1],"11":[0],"12":[9],"13":[7],"14":[4],"15":[3],"16":[6],"17":[1],"18":[1],"19":[5],"20":[0],"21":[5],"22":[4],"23":[4],"24":[1]},"fnMap":{"0":{"name":"SearchAbortedError","decl":{"start":{"line":7,"column":2},"end":{"line":10,"column":3}},"loc":{"start":{"line":7,"column":2},"end":{"line":10,"column":3}},"line":7},"1":{"name":"isRecord","decl":{"start":{"line":19,"column":0},"end":{"line":21,"column":1}},"loc":{"start":{"line":19,"column":0},"end":{"line":21,"column":1}},"line":19},"2":{"name":"parseFieldErrors","decl":{"start":{"line":23,"column":0},"end":{"line":35,"column":1}},"loc":{"start":{"line":23,"column":0},"end":{"line":35,"column":1}},"line":23},"3":{"name":"formatApiError","decl":{"start":{"line":37,"column":0},"end":{"line":53,"column":1}},"loc":{"start":{"line":37,"column":0},"end":{"line":53,"column":1}},"line":37},"4":{"name":"search","decl":{"start":{"line":55,"column":0},"end":{"line":107,"column":1}},"loc":{"start":{"line":55,"column":0},"end":{"line":107,"column":1}},"line":55}},"f":{"0":1,"1":11,"2":2,"3":4,"4":9}}
,"/Users/andriy/tdj/frontend/src/app/hooks.ts": {"path":"/Users/andriy/tdj/frontend/src/app/hooks.ts","all":false,"statementMap":{"0":{"start":{"line":1,"column":0},"end":{"line":1,"column":81}},"3":{"start":{"line":4,"column":0},"end":{"line":4,"column":66}},"4":{"start":{"line":5,"column":0},"end":{"line":5,"column":74}}},"s":{"0":1,"3":1,"4":1},"branchMap":{},"b":{},"fnMap":{},"f":{}}
,"/Users/andriy/tdj/frontend/src/app/store.ts": {"path":"/Users/andriy/tdj/frontend/src/app/store.ts","all":true,"statementMap":{"0":{"start":{"line":1,"column":0},"end":{"line":1,"column":66}},"1":{"start":{"line":2,"column":0},"end":{"line":2,"column":8}},"11":{"start":{"line":12,"column":0},"end":{"line":12,"column":72}},"12":{"start":{"line":13,"column":0},"end":{"line":13,"column":86}},"13":{"start":{"line":14,"column":0},"end":{"line":14,"column":62}},"15":{"start":{"line":16,"column":0},"end":{"line":16,"column":41}},"17":{"start":{"line":18,"column":0},"end":{"line":18,"column":15}},"18":{"start":{"line":19,"column":0},"end":{"line":19,"column":65}},"19":{"start":{"line":20,"column":0},"end":{"line":20,"column":1}},"21":{"start":{"line":22,"column":0},"end":{"line":22,"column":44}},"22":{"start":{"line":23,"column":0},"end":{"line":23,"column":42}},"23":{"start":{"line":24,"column":0},"end":{"line":24,"column":21}},"24":{"start":{"line":25,"column":0},"end":{"line":25,"column":1}},"26":{"start":{"line":27,"column":0},"end":{"line":27,"column":37}},"27":{"start":{"line":28,"column":0},"end":{"line":28,"column":28}},"28":{"start":{"line":29,"column":0},"end":{"line":29,"column":36}},"29":{"start":{"line":30,"column":0},"end":{"line":30,"column":2}},"31":{"start":{"line":32,"column":0},"end":{"line":32,"column":37}},"32":{"start":{"line":33,"column":0},"end":{"line":33,"column":23}},"33":{"start":{"line":34,"column":0},"end":{"line":34,"column":39}},"34":{"start":{"line":35,"column":0},"end":{"line":35,"column":26}},"35":{"start":{"line":36,"column":0},"end":{"line":36,"column":26}},"36":{"start":{"line":37,"column":0},"end":{"line":37,"column":76}},"37":{"start":{"line":38,"column":0},"end":{"line":38,"column":8}},"38":{"start":{"line":39,"column":0},"end":{"line":39,"column":7}},"39":{"start":{"line":40,"column":0},"end":{"line":40,"column":2}},"41":{"start":{"line":42,"column":0},"end":{"line":42,"column":58}},"42":{"start":{"line":43,"column":0},"end":{"line":43,"column":32}},"43":{"start":{"line":44,"column":0},"end":{"line":44,"column":2}}},"s":{"0":0,"1":0,"11":0,"12":0,"13":0,"15":0,"17":0,"18":0,"19":0,"21":0,"22":0,"23":0,"24":0,"26":0,"27":0,"28":0,"29":0,"31":0,"32":0,"33":0,"34":0,"35":0,"36":0,"37":0,"38":0,"39":0,"41":0,"42":0,"43":0},"branchMap":{"0":{"type":"branch","line":1,"loc":{"start":{"line":1,"column":1224},"end":{"line":47,"column":47}},"locations":[{"start":{"line":1,"column":1224},"end":{"line":47,"column":47}}]}},"b":{"0":[0]},"fnMap":{"0":{"name":"(empty-report)","decl":{"start":{"line":1,"column":1224},"end":{"line":47,"column":47}},"loc":{"start":{"line":1,"column":1224},"end":{"line":47,"column":47}},"line":1}},"f":{"0":0}}
,"/Users/andriy/tdj/frontend/src/components/layout/PageLayout.tsx": {"path":"/Users/andriy/tdj/frontend/src/components/layout/PageLayout.tsx","all":true,"statementMap":{"1":{"start":{"line":2,"column":0},"end":{"line":2,"column":45}},"8":{"start":{"line":9,"column":0},"end":{"line":9,"column":69}},"9":{"start":{"line":10,"column":0},"end":{"line":10,"column":10}},"10":{"start":{"line":11,"column":0},"end":{"line":11,"column":93}},"11":{"start":{"line":12,"column":0},"end":{"line":12,"column":56}},"12":{"start":{"line":13,"column":0},"end":{"line":13,"column":10}},"14":{"start":{"line":15,"column":0},"end":{"line":15,"column":1}}},"s":{"1":0,"8":0,"9":0,"10":0,"11":0,"12":0,"14":0},"branchMap":{"0":{"type":"branch","line":1,"loc":{"start":{"line":1,"column":407},"end":{"line":15,"column":1}},"locations":[{"start":{"line":1,"column":407},"end":{"line":15,"column":1}}]}},"b":{"0":[1]},"fnMap":{"0":{"name":"(empty-report)","decl":{"start":{"line":1,"column":407},"end":{"line":15,"column":1}},"loc":{"start":{"line":1,"column":407},"end":{"line":15,"column":1}},"line":1}},"f":{"0":1}}
,"/Users/andriy/tdj/frontend/src/features/search/cacheUtils.ts": {"path":"/Users/andriy/tdj/frontend/src/features/search/cacheUtils.ts","all":false,"statementMap":{"2":{"start":{"line":3,"column":0},"end":{"line":3,"column":37}},"3":{"start":{"line":4,"column":0},"end":{"line":4,"column":34}},"5":{"start":{"line":6,"column":0},"end":{"line":6,"column":90}},"6":{"start":{"line":7,"column":0},"end":{"line":7,"column":62}},"7":{"start":{"line":8,"column":0},"end":{"line":8,"column":1}},"9":{"start":{"line":10,"column":0},"end":{"line":10,"column":93}},"10":{"start":{"line":11,"column":0},"end":{"line":11,"column":26}},"11":{"start":{"line":12,"column":0},"end":{"line":12,"column":52}},"12":{"start":{"line":13,"column":0},"end":{"line":13,"column":1}}},"s":{"2":1,"3":1,"5":1,"6":32,"7":32,"9":1,"10":8,"11":4,"12":4},"branchMap":{"0":{"type":"branch","line":6,"loc":{"start":{"line":6,"column":7},"end":{"line":8,"column":1}},"locations":[{"start":{"line":6,"column":7},"end":{"line":8,"column":1}}]},"1":{"type":"branch","line":10,"loc":{"start":{"line":10,"column":7},"end":{"line":13,"column":1}},"locations":[{"start":{"line":10,"column":7},"end":{"line":13,"column":1}}]},"2":{"type":"branch","line":11,"loc":{"start":{"line":11,"column":14},"end":{"line":13,"column":1}},"locations":[{"start":{"line":11,"column":14},"end":{"line":13,"column":1}}]}},"b":{"0":[32],"1":[8],"2":[4]},"fnMap":{"0":{"name":"buildCacheKey","decl":{"start":{"line":6,"column":7},"end":{"line":8,"column":1}},"loc":{"start":{"line":6,"column":7},"end":{"line":8,"column":1}},"line":6},"1":{"name":"isCacheValid","decl":{"start":{"line":10,"column":7},"end":{"line":13,"column":1}},"loc":{"start":{"line":10,"column":7},"end":{"line":13,"column":1}},"line":10}},"f":{"0":32,"1":8}}
,"/Users/andriy/tdj/frontend/src/features/search/searchCacheSlice.ts": {"path":"/Users/andriy/tdj/frontend/src/features/search/searchCacheSlice.ts","all":false,"statementMap":{"0":{"start":{"line":1,"column":0},"end":{"line":1,"column":66}},"1":{"start":{"line":2,"column":0},"end":{"line":2,"column":43}},"8":{"start":{"line":9,"column":0},"end":{"line":9,"column":40}},"9":{"start":{"line":10,"column":0},"end":{"line":10,"column":12}},"10":{"start":{"line":11,"column":0},"end":{"line":11,"column":1}},"12":{"start":{"line":13,"column":0},"end":{"line":13,"column":38}},"13":{"start":{"line":14,"column":0},"end":{"line":14,"column":22}},"14":{"start":{"line":15,"column":0},"end":{"line":15,"column":15}},"15":{"start":{"line":16,"column":0},"end":{"line":16,"column":13}},"16":{"start":{"line":17,"column":0},"end":{"line":17,"column":15}},"17":{"start":{"line":18,"column":0},"end":{"line":18,"column":12}},"18":{"start":{"line":19,"column":0},"end":{"line":19,"column":81}},"19":{"start":{"line":20,"column":0},"end":{"line":20,"column":7}},"20":{"start":{"line":21,"column":0},"end":{"line":21,"column":60}},"21":{"start":{"line":22,"column":0},"end":{"line":22,"column":6}},"22":{"start":{"line":23,"column":0},"end":{"line":23,"column":25}},"23":{"start":{"line":24,"column":0},"end":{"line":24,"column":28}},"24":{"start":{"line":25,"column":0},"end":{"line":25,"column":63}},"25":{"start":{"line":26,"column":0},"end":{"line":26,"column":50}},"26":{"start":{"line":27,"column":0},"end":{"line":27,"column":33}},"27":{"start":{"line":28,"column":0},"end":{"line":28,"column":9}},"28":{"start":{"line":29,"column":0},"end":{"line":29,"column":7}},"29":{"start":{"line":30,"column":0},"end":{"line":30,"column":6}},"30":{"start":{"line":31,"column":0},"end":{"line":31,"column":23}},"31":{"start":{"line":32,"column":0},"end":{"line":32,"column":22}},"32":{"start":{"line":33,"column":0},"end":{"line":33,"column":6}},"33":{"start":{"line":34,"column":0},"end":{"line":34,"column":4}},"34":{"start":{"line":35,"column":0},"end":{"line":35,"column":2}},"36":{"start":{"line":37,"column":0},"end":{"line":37,"column":80}},"37":{"start":{"line":38,"column":0},"end":{"line":38,"column":39}}},"s":{"0":1,"1":1,"8":1,"9":1,"10":1,"12":1,"13":1,"14":1,"15":1,"16":1,"17":7,"18":7,"19":7,"20":7,"21":7,"22":1,"23":1,"24":1,"25":2,"26":1,"27":1,"28":2,"29":1,"30":1,"31":1,"32":1,"33":1,"34":1,"36":1,"37":1},"branchMap":{"0":{"type":"branch","line":17,"loc":{"start":{"line":17,"column":4},"end":{"line":22,"column":6}},"locations":[{"start":{"line":17,"column":4},"end":{"line":22,"column":6}}]},"1":{"type":"branch","line":23,"loc":{"start":{"line":23,"column":4},"end":{"line":30,"column":6}},"locations":[{"start":{"line":23,"column":4},"end":{"line":30,"column":6}}]},"2":{"type":"branch","line":25,"loc":{"start":{"line":25,"column":62},"end":{"line":29,"column":7}},"locations":[{"start":{"line":25,"column":62},"end":{"line":29,"column":7}}]},"3":{"type":"branch","line":26,"loc":{"start":{"line":26,"column":49},"end":{"line":28,"column":9}},"locations":[{"start":{"line":26,"column":49},"end":{"line":28,"column":9}}]},"4":{"type":"branch","line":31,"loc":{"start":{"line":31,"column":4},"end":{"line":33,"column":6}},"locations":[{"start":{"line":31,"column":4},"end":{"line":33,"column":6}}]}},"b":{"0":[7],"1":[1],"2":[2],"3":[1],"4":[1]},"fnMap":{"0":{"name":"addToCache","decl":{"start":{"line":17,"column":4},"end":{"line":22,"column":6}},"loc":{"start":{"line":17,"column":4},"end":{"line":22,"column":6}},"line":17},"1":{"name":"pruneExpired","decl":{"start":{"line":23,"column":4},"end":{"line":30,"column":6}},"loc":{"start":{"line":23,"column":4},"end":{"line":30,"column":6}},"line":23},"2":{"name":"clearCache","decl":{"start":{"line":31,"column":4},"end":{"line":33,"column":6}},"loc":{"start":{"line":31,"column":4},"end":{"line":33,"column":6}},"line":31}},"f":{"0":7,"1":1,"2":1}}
,"/Users/andriy/tdj/frontend/src/features/search/searchSelectors.ts": {"path":"/Users/andriy/tdj/frontend/src/features/search/searchSelectors.ts","all":false,"statementMap":{"0":{"start":{"line":1,"column":0},"end":{"line":1,"column":49}},"2":{"start":{"line":3,"column":0},"end":{"line":3,"column":61}},"6":{"start":{"line":7,"column":0},"end":{"line":7,"column":69}},"7":{"start":{"line":8,"column":0},"end":{"line":8,"column":79}},"8":{"start":{"line":9,"column":0},"end":{"line":9,"column":67}},"9":{"start":{"line":10,"column":0},"end":{"line":10,"column":71}},"10":{"start":{"line":11,"column":0},"end":{"line":11,"column":69}},"11":{"start":{"line":12,"column":0},"end":{"line":12,"column":77}},"12":{"start":{"line":13,"column":0},"end":{"line":13,"column":79}},"13":{"start":{"line":14,"column":0},"end":{"line":14,"column":79}},"15":{"start":{"line":16,"column":0},"end":{"line":16,"column":80}},"16":{"start":{"line":17,"column":0},"end":{"line":17,"column":22}},"17":{"start":{"line":18,"column":0},"end":{"line":18,"column":1}},"19":{"start":{"line":20,"column":0},"end":{"line":20,"column":47}},"20":{"start":{"line":21,"column":0},"end":{"line":21,"column":29}},"21":{"start":{"line":22,"column":0},"end":{"line":22,"column":25}},"22":{"start":{"line":23,"column":0},"end":{"line":23,"column":1}},"24":{"start":{"line":25,"column":0},"end":{"line":25,"column":45}},"25":{"start":{"line":26,"column":0},"end":{"line":26,"column":29}},"26":{"start":{"line":27,"column":0},"end":{"line":27,"column":26}},"27":{"start":{"line":28,"column":0},"end":{"line":28,"column":1}},"29":{"start":{"line":30,"column":0},"end":{"line":30,"column":46}},"30":{"start":{"line":31,"column":0},"end":{"line":31,"column":50}},"31":{"start":{"line":32,"column":0},"end":{"line":32,"column":34}},"32":{"start":{"line":33,"column":0},"end":{"line":33,"column":84}},"33":{"start":{"line":34,"column":0},"end":{"line":34,"column":1}},"35":{"start":{"line":36,"column":0},"end":{"line":36,"column":53}},"36":{"start":{"line":37,"column":0},"end":{"line":37,"column":67}},"37":{"start":{"line":38,"column":0},"end":{"line":38,"column":67}},"38":{"start":{"line":39,"column":0},"end":{"line":39,"column":1}},"40":{"start":{"line":41,"column":0},"end":{"line":41,"column":50}},"41":{"start":{"line":42,"column":0},"end":{"line":42,"column":27}},"42":{"start":{"line":43,"column":0},"end":{"line":43,"column":34}},"43":{"start":{"line":44,"column":0},"end":{"line":44,"column":1}},"45":{"start":{"line":46,"column":0},"end":{"line":46,"column":42}},"46":{"start":{"line":47,"column":0},"end":{"line":47,"column":76}},"47":{"start":{"line":48,"column":0},"end":{"line":48,"column":39}},"48":{"start":{"line":49,"column":0},"end":{"line":49,"column":16}},"49":{"start":{"line":50,"column":0},"end":{"line":50,"column":71}},"50":{"start":{"line":51,"column":0},"end":{"line":51,"column":5}},"52":{"start":{"line":53,"column":0},"end":{"line":53,"column":32}},"53":{"start":{"line":54,"column":0},"end":{"line":54,"column":75}},"54":{"start":{"line":55,"column":0},"end":{"line":55,"column":67}},"55":{"start":{"line":56,"column":0},"end":{"line":56,"column":5}},"57":{"start":{"line":58,"column":0},"end":{"line":58,"column":55}},"58":{"start":{"line":59,"column":0},"end":{"line":59,"column":4}},"59":{"start":{"line":60,"column":0},"end":{"line":60,"column":1}},"61":{"start":{"line":62,"column":0},"end":{"line":62,"column":47}},"62":{"start":{"line":63,"column":0},"end":{"line":63,"column":23}},"63":{"start":{"line":64,"column":0},"end":{"line":64,"column":28}},"64":{"start":{"line":65,"column":0},"end":{"line":65,"column":1}},"66":{"start":{"line":67,"column":0},"end":{"line":67,"column":44}},"67":{"start":{"line":68,"column":0},"end":{"line":68,"column":23}},"68":{"start":{"line":69,"column":0},"end":{"line":69,"column":25}},"69":{"start":{"line":70,"column":0},"end":{"line":70,"column":1}},"71":{"start":{"line":72,"column":0},"end":{"line":72,"column":47}},"72":{"start":{"line":73,"column":0},"end":{"line":73,"column":36}},"73":{"start":{"line":74,"column":0},"end":{"line":74,"column":72}},"74":{"start":{"line":75,"column":0},"end":{"line":75,"column":1}},"76":{"start":{"line":77,"column":0},"end":{"line":77,"column":51}},"77":{"start":{"line":78,"column":0},"end":{"line":78,"column":36}},"78":{"start":{"line":79,"column":0},"end":{"line":79,"column":48}},"79":{"start":{"line":80,"column":0},"end":{"line":80,"column":1}},"81":{"start":{"line":82,"column":0},"end":{"line":82,"column":81}},"83":{"start":{"line":84,"column":0},"end":{"line":84,"column":48}},"84":{"start":{"line":85,"column":0},"end":{"line":85,"column":33}},"85":{"start":{"line":86,"column":0},"end":{"line":86,"column":42}},"86":{"start":{"line":87,"column":0},"end":{"line":87,"column":1}},"88":{"start":{"line":89,"column":0},"end":{"line":89,"column":52}},"89":{"start":{"line":90,"column":0},"end":{"line":90,"column":82}},"90":{"start":{"line":91,"column":0},"end":{"line":91,"column":56}},"91":{"start":{"line":92,"column":0},"end":{"line":92,"column":50}},"93":{"start":{"line":94,"column":0},"end":{"line":94,"column":45}},"94":{"start":{"line":95,"column":0},"end":{"line":95,"column":25}},"95":{"start":{"line":96,"column":0},"end":{"line":96,"column":43}},"96":{"start":{"line":97,"column":0},"end":{"line":97,"column":53}},"97":{"start":{"line":98,"column":0},"end":{"line":98,"column":116}},"98":{"start":{"line":99,"column":0},"end":{"line":99,"column":5}},"100":{"start":{"line":101,"column":0},"end":{"line":101,"column":58}},"101":{"start":{"line":102,"column":0},"end":{"line":102,"column":4}},"102":{"start":{"line":103,"column":0},"end":{"line":103,"column":1}},"104":{"start":{"line":105,"column":0},"end":{"line":105,"column":66}},"105":{"start":{"line":106,"column":0},"end":{"line":106,"column":30}},"107":{"start":{"line":108,"column":0},"end":{"line":108,"column":97}},"108":{"start":{"line":109,"column":0},"end":{"line":109,"column":44}},"109":{"start":{"line":110,"column":0},"end":{"line":110,"column":48}},"110":{"start":{"line":111,"column":0},"end":{"line":111,"column":1}},"112":{"start":{"line":113,"column":0},"end":{"line":113,"column":49}},"113":{"start":{"line":114,"column":0},"end":{"line":114,"column":42}},"114":{"start":{"line":115,"column":0},"end":{"line":115,"column":28}},"115":{"start":{"line":116,"column":0},"end":{"line":116,"column":33}},"116":{"start":{"line":117,"column":0},"end":{"line":117,"column":36}},"117":{"start":{"line":118,"column":0},"end":{"line":118,"column":5}},"118":{"start":{"line":119,"column":0},"end":{"line":119,"column":40}},"119":{"start":{"line":120,"column":0},"end":{"line":120,"column":4}},"120":{"start":{"line":121,"column":0},"end":{"line":121,"column":1}}},"s":{"0":1,"2":1,"6":1,"7":1,"8":1,"9":1,"10":1,"11":1,"12":1,"13":1,"15":1,"16":5,"17":1,"19":1,"20":1,"21":1,"22":1,"24":1,"25":1,"26":1,"27":1,"29":1,"30":1,"31":1,"32":10,"33":1,"35":1,"36":1,"37":1,"38":1,"40":1,"41":1,"42":1,"43":1,"45":1,"46":1,"47":1,"48":11,"49":9,"50":9,"52":2,"53":11,"54":2,"55":2,"57":0,"58":11,"59":1,"61":1,"62":1,"63":1,"64":1,"66":1,"67":1,"68":1,"69":1,"71":1,"72":1,"73":1,"74":1,"76":1,"77":1,"78":1,"79":1,"81":1,"83":1,"84":1,"85":1,"86":1,"88":1,"89":1,"90":1,"91":2,"93":2,"94":2,"95":1,"96":1,"97":1,"98":1,"100":2,"101":2,"102":1,"104":1,"105":0,"107":1,"108":5,"109":5,"110":5,"112":1,"113":1,"114":1,"115":4,"116":1,"117":1,"118":3,"119":4,"120":1},"branchMap":{"0":{"type":"branch","line":7,"loc":{"start":{"line":7,"column":27},"end":{"line":7,"column":69}},"locations":[{"start":{"line":7,"column":27},"end":{"line":7,"column":69}}]},"1":{"type":"branch","line":8,"loc":{"start":{"line":8,"column":32},"end":{"line":8,"column":79}},"locations":[{"start":{"line":8,"column":32},"end":{"line":8,"column":79}}]},"2":{"type":"branch","line":9,"loc":{"start":{"line":9,"column":26},"end":{"line":9,"column":67}},"locations":[{"start":{"line":9,"column":26},"end":{"line":9,"column":67}}]},"3":{"type":"branch","line":10,"loc":{"start":{"line":10,"column":28},"end":{"line":10,"column":71}},"locations":[{"start":{"line":10,"column":28},"end":{"line":10,"column":71}}]},"4":{"type":"branch","line":11,"loc":{"start":{"line":11,"column":27},"end":{"line":11,"column":69}},"locations":[{"start":{"line":11,"column":27},"end":{"line":11,"column":69}}]},"5":{"type":"branch","line":12,"loc":{"start":{"line":12,"column":31},"end":{"line":12,"column":77}},"locations":[{"start":{"line":12,"column":31},"end":{"line":12,"column":77}}]},"6":{"type":"branch","line":14,"loc":{"start":{"line":14,"column":32},"end":{"line":14,"column":79}},"locations":[{"start":{"line":14,"column":32},"end":{"line":14,"column":79}}]},"7":{"type":"branch","line":16,"loc":{"start":{"line":16,"column":70},"end":{"line":17,"column":22}},"locations":[{"start":{"line":16,"column":70},"end":{"line":17,"column":22}}]},"8":{"type":"branch","line":27,"loc":{"start":{"line":27,"column":2},"end":{"line":27,"column":26}},"locations":[{"start":{"line":27,"column":2},"end":{"line":27,"column":26}}]},"9":{"type":"branch","line":32,"loc":{"start":{"line":32,"column":2},"end":{"line":33,"column":84}},"locations":[{"start":{"line":32,"column":2},"end":{"line":33,"column":84}}]},"10":{"type":"branch","line":33,"loc":{"start":{"line":33,"column":15},"end":{"line":33,"column":84}},"locations":[{"start":{"line":33,"column":15},"end":{"line":33,"column":84}}]},"11":{"type":"branch","line":33,"loc":{"start":{"line":33,"column":55},"end":{"line":33,"column":84}},"locations":[{"start":{"line":33,"column":55},"end":{"line":33,"column":84}}]},"12":{"type":"branch","line":37,"loc":{"start":{"line":37,"column":3},"end":{"line":37,"column":50}},"locations":[{"start":{"line":37,"column":3},"end":{"line":37,"column":50}}]},"13":{"type":"branch","line":38,"loc":{"start":{"line":38,"column":2},"end":{"line":38,"column":67}},"locations":[{"start":{"line":38,"column":2},"end":{"line":38,"column":67}}]},"14":{"type":"branch","line":38,"loc":{"start":{"line":38,"column":25},"end":{"line":38,"column":56}},"locations":[{"start":{"line":38,"column":25},"end":{"line":38,"column":56}}]},"15":{"type":"branch","line":38,"loc":{"start":{"line":38,"column":52},"end":{"line":38,"column":67}},"locations":[{"start":{"line":38,"column":52},"end":{"line":38,"column":67}}]},"16":{"type":"branch","line":43,"loc":{"start":{"line":43,"column":2},"end":{"line":43,"column":34}},"locations":[{"start":{"line":43,"column":2},"end":{"line":43,"column":34}}]},"17":{"type":"branch","line":43,"loc":{"start":{"line":43,"column":13},"end":{"line":43,"column":31}},"locations":[{"start":{"line":43,"column":13},"end":{"line":43,"column":31}}]},"18":{"type":"branch","line":43,"loc":{"start":{"line":43,"column":20},"end":{"line":43,"column":34}},"locations":[{"start":{"line":43,"column":20},"end":{"line":43,"column":34}}]},"19":{"type":"branch","line":48,"loc":{"start":{"line":48,"column":2},"end":{"line":59,"column":4}},"locations":[{"start":{"line":48,"column":2},"end":{"line":59,"column":4}}]},"20":{"type":"branch","line":49,"loc":{"start":{"line":49,"column":15},"end":{"line":51,"column":5}},"locations":[{"start":{"line":49,"column":15},"end":{"line":51,"column":5}}]},"21":{"type":"branch","line":51,"loc":{"start":{"line":51,"column":4},"end":{"line":54,"column":42}},"locations":[{"start":{"line":51,"column":4},"end":{"line":54,"column":42}}]},"22":{"type":"branch","line":54,"loc":{"start":{"line":54,"column":31},"end":{"line":54,"column":74}},"locations":[{"start":{"line":54,"column":31},"end":{"line":54,"column":74}}]},"23":{"type":"branch","line":54,"loc":{"start":{"line":54,"column":74},"end":{"line":56,"column":5}},"locations":[{"start":{"line":54,"column":74},"end":{"line":56,"column":5}}]},"24":{"type":"branch","line":56,"loc":{"start":{"line":56,"column":4},"end":{"line":58,"column":55}},"locations":[{"start":{"line":56,"column":4},"end":{"line":58,"column":55}}]},"25":{"type":"branch","line":64,"loc":{"start":{"line":64,"column":2},"end":{"line":64,"column":28}},"locations":[{"start":{"line":64,"column":2},"end":{"line":64,"column":28}}]},"26":{"type":"branch","line":69,"loc":{"start":{"line":69,"column":2},"end":{"line":69,"column":25}},"locations":[{"start":{"line":69,"column":2},"end":{"line":69,"column":25}}]},"27":{"type":"branch","line":74,"loc":{"start":{"line":74,"column":2},"end":{"line":74,"column":72}},"locations":[{"start":{"line":74,"column":2},"end":{"line":74,"column":72}}]},"28":{"type":"branch","line":79,"loc":{"start":{"line":79,"column":2},"end":{"line":79,"column":48}},"locations":[{"start":{"line":79,"column":2},"end":{"line":79,"column":48}}]},"29":{"type":"branch","line":82,"loc":{"start":{"line":82,"column":62},"end":{"line":82,"column":80}},"locations":[{"start":{"line":82,"column":62},"end":{"line":82,"column":80}}]},"30":{"type":"branch","line":86,"loc":{"start":{"line":86,"column":2},"end":{"line":86,"column":42}},"locations":[{"start":{"line":86,"column":2},"end":{"line":86,"column":42}}]},"31":{"type":"branch","line":91,"loc":{"start":{"line":91,"column":2},"end":{"line":102,"column":4}},"locations":[{"start":{"line":91,"column":2},"end":{"line":102,"column":4}}]},"32":{"type":"branch","line":92,"loc":{"start":{"line":92,"column":39},"end":{"line":92,"column":50}},"locations":[{"start":{"line":92,"column":39},"end":{"line":92,"column":50}}]},"33":{"type":"branch","line":95,"loc":{"start":{"line":95,"column":24},"end":{"line":101,"column":48}},"locations":[{"start":{"line":95,"column":24},"end":{"line":101,"column":48}}]},"34":{"type":"branch","line":101,"loc":{"start":{"line":101,"column":44},"end":{"line":101,"column":53}},"locations":[{"start":{"line":101,"column":44},"end":{"line":101,"column":53}}]},"35":{"type":"branch","line":101,"loc":{"start":{"line":101,"column":48},"end":{"line":101,"column":56}},"locations":[{"start":{"line":101,"column":48},"end":{"line":101,"column":56}}]},"36":{"type":"branch","line":108,"loc":{"start":{"line":108,"column":37},"end":{"line":111,"column":1}},"locations":[{"start":{"line":108,"column":37},"end":{"line":111,"column":1}}]},"37":{"type":"branch","line":110,"loc":{"start":{"line":110,"column":27},"end":{"line":110,"column":39}},"locations":[{"start":{"line":110,"column":27},"end":{"line":110,"column":39}}]},"38":{"type":"branch","line":110,"loc":{"start":{"line":110,"column":31},"end":{"line":110,"column":48}},"locations":[{"start":{"line":110,"column":31},"end":{"line":110,"column":48}}]},"39":{"type":"branch","line":115,"loc":{"start":{"line":115,"column":2},"end":{"line":120,"column":4}},"locations":[{"start":{"line":115,"column":2},"end":{"line":120,"column":4}}]},"40":{"type":"branch","line":116,"loc":{"start":{"line":116,"column":32},"end":{"line":118,"column":5}},"locations":[{"start":{"line":116,"column":32},"end":{"line":118,"column":5}}]},"41":{"type":"branch","line":118,"loc":{"start":{"line":118,"column":4},"end":{"line":119,"column":40}},"locations":[{"start":{"line":118,"column":4},"end":{"line":119,"column":40}}]}},"b":{"0":[63],"1":[43],"2":[48],"3":[23],"4":[6],"5":[39],"6":[13],"7":[5],"8":[5],"9":[10],"10":[6],"11":[1],"12":[22],"13":[18],"14":[13],"15":[5],"16":[6],"17":[4],"18":[2],"19":[11],"20":[9],"21":[2],"22":[2],"23":[2],"24":[0],"25":[11],"26":[11],"27":[5],"28":[4],"29":[5],"30":[6],"31":[2],"32":[0],"33":[1],"34":[0],"35":[1],"36":[5],"37":[2],"38":[3],"39":[4],"40":[1],"41":[3]},"fnMap":{"0":{"name":"selectQuery","decl":{"start":{"line":7,"column":27},"end":{"line":7,"column":69}},"loc":{"start":{"line":7,"column":27},"end":{"line":7,"column":69}},"line":7},"1":{"name":"selectSearchType","decl":{"start":{"line":8,"column":32},"end":{"line":8,"column":79}},"loc":{"start":{"line":8,"column":32},"end":{"line":8,"column":79}},"line":8},"2":{"name":"selectPage","decl":{"start":{"line":9,"column":26},"end":{"line":9,"column":67}},"loc":{"start":{"line":9,"column":26},"end":{"line":9,"column":67}},"line":9},"3":{"name":"selectStatus","decl":{"start":{"line":10,"column":28},"end":{"line":10,"column":71}},"loc":{"start":{"line":10,"column":28},"end":{"line":10,"column":71}},"line":10},"4":{"name":"selectError","decl":{"start":{"line":11,"column":27},"end":{"line":11,"column":69}},"loc":{"start":{"line":11,"column":27},"end":{"line":11,"column":69}},"line":11},"5":{"name":"selectActiveKey","decl":{"start":{"line":12,"column":31},"end":{"line":12,"column":77}},"loc":{"start":{"line":12,"column":31},"end":{"line":12,"column":77}},"line":12},"6":{"name":"selectLoadingKey","decl":{"start":{"line":13,"column":32},"end":{"line":13,"column":79}},"loc":{"start":{"line":13,"column":32},"end":{"line":13,"column":79}},"line":13},"7":{"name":"selectSearchMeta","decl":{"start":{"line":14,"column":32},"end":{"line":14,"column":79}},"loc":{"start":{"line":14,"column":32},"end":{"line":14,"column":79}},"line":14},"8":{"name":"selectCacheEntry","decl":{"start":{"line":105,"column":32},"end":{"line":106,"column":30}},"loc":{"start":{"line":105,"column":32},"end":{"line":106,"column":30}},"line":105},"9":{"name":"selectValidCacheEntry","decl":{"start":{"line":108,"column":37},"end":{"line":111,"column":1}},"loc":{"start":{"line":108,"column":37},"end":{"line":111,"column":1}},"line":108}},"f":{"0":63,"1":43,"2":48,"3":23,"4":6,"5":39,"6":0,"7":13,"8":0,"9":5}}
,"/Users/andriy/tdj/frontend/src/features/search/searchThunks.ts": {"path":"/Users/andriy/tdj/frontend/src/features/search/searchThunks.ts","all":false,"statementMap":{"0":{"start":{"line":1,"column":0},"end":{"line":1,"column":51}},"1":{"start":{"line":2,"column":0},"end":{"line":2,"column":82}},"2":{"start":{"line":3,"column":0},"end":{"line":3,"column":44}},"3":{"start":{"line":4,"column":0},"end":{"line":4,"column":57}},"4":{"start":{"line":5,"column":0},"end":{"line":5,"column":47}},"6":{"start":{"line":7,"column":0},"end":{"line":7,"column":52}},"15":{"start":{"line":16,"column":0},"end":{"line":16,"column":51}},"20":{"start":{"line":21,"column":0},"end":{"line":21,"column":24}},"21":{"start":{"line":22,"column":0},"end":{"line":22,"column":81}},"22":{"start":{"line":23,"column":0},"end":{"line":23,"column":32}},"23":{"start":{"line":24,"column":0},"end":{"line":24,"column":61}},"25":{"start":{"line":26,"column":0},"end":{"line":26,"column":9}},"26":{"start":{"line":27,"column":0},"end":{"line":27,"column":70}},"27":{"start":{"line":28,"column":0},"end":{"line":28,"column":21}},"28":{"start":{"line":29,"column":0},"end":{"line":29,"column":52}},"29":{"start":{"line":30,"column":0},"end":{"line":30,"column":42}},"30":{"start":{"line":31,"column":0},"end":{"line":31,"column":28}},"31":{"start":{"line":32,"column":0},"end":{"line":32,"column":36}},"32":{"start":{"line":33,"column":0},"end":{"line":33,"column":32}},"33":{"start":{"line":34,"column":0},"end":{"line":34,"column":42}},"34":{"start":{"line":35,"column":0},"end":{"line":35,"column":30}},"35":{"start":{"line":36,"column":0},"end":{"line":36,"column":29}},"36":{"start":{"line":37,"column":0},"end":{"line":37,"column":7}},"38":{"start":{"line":39,"column":0},"end":{"line":39,"column":52}},"40":{"start":{"line":41,"column":0},"end":{"line":41,"column":14}},"41":{"start":{"line":42,"column":0},"end":{"line":42,"column":17}},"42":{"start":{"line":43,"column":0},"end":{"line":43,"column":31}},"43":{"start":{"line":44,"column":0},"end":{"line":44,"column":39}},"44":{"start":{"line":45,"column":0},"end":{"line":45,"column":25}},"45":{"start":{"line":46,"column":0},"end":{"line":46,"column":33}},"46":{"start":{"line":47,"column":0},"end":{"line":47,"column":29}},"47":{"start":{"line":48,"column":0},"end":{"line":48,"column":39}},"48":{"start":{"line":49,"column":0},"end":{"line":49,"column":27}},"49":{"start":{"line":50,"column":0},"end":{"line":50,"column":7}},"50":{"start":{"line":51,"column":0},"end":{"line":51,"column":21}},"51":{"start":{"line":52,"column":0},"end":{"line":52,"column":48}},"52":{"start":{"line":53,"column":0},"end":{"line":53,"column":19}},"53":{"start":{"line":54,"column":0},"end":{"line":54,"column":7}},"54":{"start":{"line":55,"column":0},"end":{"line":55,"column":40}},"55":{"start":{"line":56,"column":0},"end":{"line":56,"column":46}},"56":{"start":{"line":57,"column":0},"end":{"line":57,"column":5}},"57":{"start":{"line":58,"column":0},"end":{"line":58,"column":4}},"58":{"start":{"line":59,"column":0},"end":{"line":59,"column":3}},"59":{"start":{"line":60,"column":0},"end":{"line":60,"column":63}},"60":{"start":{"line":61,"column":0},"end":{"line":61,"column":34}},"61":{"start":{"line":62,"column":0},"end":{"line":62,"column":42}},"63":{"start":{"line":64,"column":0},"end":{"line":64,"column":30}},"64":{"start":{"line":65,"column":0},"end":{"line":65,"column":63}},"65":{"start":{"line":66,"column":0},"end":{"line":66,"column":90}},"66":{"start":{"line":67,"column":0},"end":{"line":67,"column":20}},"67":{"start":{"line":68,"column":0},"end":{"line":68,"column":7}},"68":{"start":{"line":69,"column":0},"end":{"line":69,"column":17}},"69":{"start":{"line":70,"column":0},"end":{"line":70,"column":6}},"70":{"start":{"line":71,"column":0},"end":{"line":71,"column":4}},"71":{"start":{"line":72,"column":0},"end":{"line":72,"column":1}},"74":{"start":{"line":75,"column":0},"end":{"line":75,"column":46}},"79":{"start":{"line":80,"column":0},"end":{"line":80,"column":19}},"80":{"start":{"line":81,"column":0},"end":{"line":81,"column":66}},"81":{"start":{"line":82,"column":0},"end":{"line":82,"column":32}},"82":{"start":{"line":83,"column":0},"end":{"line":83,"column":34}},"84":{"start":{"line":85,"column":0},"end":{"line":85,"column":61}},"85":{"start":{"line":86,"column":0},"end":{"line":86,"column":62}},"87":{"start":{"line":88,"column":0},"end":{"line":88,"column":17}},"88":{"start":{"line":89,"column":0},"end":{"line":89,"column":54}},"89":{"start":{"line":90,"column":0},"end":{"line":90,"column":12}},"90":{"start":{"line":91,"column":0},"end":{"line":91,"column":5}},"92":{"start":{"line":93,"column":0},"end":{"line":93,"column":77}},"93":{"start":{"line":94,"column":0},"end":{"line":94,"column":4}},"94":{"start":{"line":95,"column":0},"end":{"line":95,"column":1}}},"s":{"0":1,"1":1,"2":1,"3":1,"4":1,"6":1,"15":1,"20":1,"21":1,"22":7,"23":7,"25":7,"26":7,"27":5,"28":5,"29":5,"30":5,"31":5,"32":5,"33":5,"34":5,"35":5,"36":5,"38":5,"40":5,"41":5,"42":5,"43":5,"44":5,"45":5,"46":5,"47":5,"48":5,"49":5,"50":7,"51":2,"52":1,"53":1,"54":1,"55":1,"56":1,"57":7,"58":1,"59":1,"60":8,"61":8,"63":8,"64":8,"65":8,"66":1,"67":1,"68":7,"69":8,"70":1,"71":1,"74":1,"79":1,"80":1,"81":6,"82":6,"84":5,"85":5,"87":6,"88":2,"89":2,"90":2,"92":3,"93":6,"94":1},"branchMap":{"0":{"type":"branch","line":22,"loc":{"start":{"line":22,"column":2},"end":{"line":58,"column":4}},"locations":[{"start":{"line":22,"column":2},"end":{"line":58,"column":4}}]},"1":{"type":"branch","line":27,"loc":{"start":{"line":27,"column":69},"end":{"line":51,"column":13}},"locations":[{"start":{"line":27,"column":69},"end":{"line":51,"column":13}}]},"2":{"type":"branch","line":51,"loc":{"start":{"line":51,"column":4},"end":{"line":57,"column":5}},"locations":[{"start":{"line":51,"column":4},"end":{"line":57,"column":5}}]},"3":{"type":"branch","line":52,"loc":{"start":{"line":52,"column":47},"end":{"line":57,"column":5}},"locations":[{"start":{"line":52,"column":47},"end":{"line":57,"column":5}}]},"4":{"type":"branch","line":60,"loc":{"start":{"line":60,"column":15},"end":{"line":70,"column":6}},"locations":[{"start":{"line":60,"column":15},"end":{"line":70,"column":6}}]},"5":{"type":"branch","line":62,"loc":{"start":{"line":62,"column":30},"end":{"line":62,"column":42}},"locations":[{"start":{"line":62,"column":30},"end":{"line":62,"column":42}}]},"6":{"type":"branch","line":66,"loc":{"start":{"line":66,"column":36},"end":{"line":66,"column":89}},"locations":[{"start":{"line":66,"column":36},"end":{"line":66,"column":89}}]},"7":{"type":"branch","line":66,"loc":{"start":{"line":66,"column":89},"end":{"line":68,"column":7}},"locations":[{"start":{"line":66,"column":89},"end":{"line":68,"column":7}}]},"8":{"type":"branch","line":68,"loc":{"start":{"line":68,"column":6},"end":{"line":69,"column":17}},"locations":[{"start":{"line":68,"column":6},"end":{"line":69,"column":17}}]},"9":{"type":"branch","line":81,"loc":{"start":{"line":81,"column":2},"end":{"line":94,"column":4}},"locations":[{"start":{"line":81,"column":2},"end":{"line":94,"column":4}}]},"10":{"type":"branch","line":83,"loc":{"start":{"line":83,"column":28},"end":{"line":83,"column":34}},"locations":[{"start":{"line":83,"column":28},"end":{"line":83,"column":34}}]},"11":{"type":"branch","line":83,"loc":{"start":{"line":83,"column":28},"end":{"line":88,"column":16}},"locations":[{"start":{"line":83,"column":28},"end":{"line":88,"column":16}}]},"12":{"type":"branch","line":88,"loc":{"start":{"line":88,"column":16},"end":{"line":91,"column":5}},"locations":[{"start":{"line":88,"column":16},"end":{"line":91,"column":5}}]},"13":{"type":"branch","line":91,"loc":{"start":{"line":91,"column":4},"end":{"line":93,"column":77}},"locations":[{"start":{"line":91,"column":4},"end":{"line":93,"column":77}}]}},"b":{"0":[7],"1":[5],"2":[2],"3":[1],"4":[8],"5":[0],"6":[1],"7":[1],"8":[7],"9":[6],"10":[1],"11":[5],"12":[2],"13":[3]},"fnMap":{"0":{"name":"fetchSearchResults.condition.query.query","decl":{"start":{"line":22,"column":2},"end":{"line":58,"column":4}},"loc":{"start":{"line":22,"column":2},"end":{"line":58,"column":4}},"line":22},"1":{"name":"condition","decl":{"start":{"line":60,"column":15},"end":{"line":70,"column":6}},"loc":{"start":{"line":60,"column":15},"end":{"line":70,"column":6}},"line":60}},"f":{"0":7,"1":8}}
,"/Users/andriy/tdj/frontend/src/features/search/searchUiSlice.ts": {"path":"/Users/andriy/tdj/frontend/src/features/search/searchUiSlice.ts","all":false,"statementMap":{"0":{"start":{"line":1,"column":0},"end":{"line":1,"column":66}},"1":{"start":{"line":2,"column":0},"end":{"line":2,"column":44}},"24":{"start":{"line":25,"column":0},"end":{"line":25,"column":37}},"25":{"start":{"line":26,"column":0},"end":{"line":26,"column":12}},"26":{"start":{"line":27,"column":0},"end":{"line":27,"column":29}},"27":{"start":{"line":28,"column":0},"end":{"line":28,"column":10}},"28":{"start":{"line":29,"column":0},"end":{"line":29,"column":17}},"29":{"start":{"line":30,"column":0},"end":{"line":30,"column":14}},"30":{"start":{"line":31,"column":0},"end":{"line":31,"column":18}},"31":{"start":{"line":32,"column":0},"end":{"line":32,"column":19}},"32":{"start":{"line":33,"column":0},"end":{"line":33,"column":19}},"33":{"start":{"line":34,"column":0},"end":{"line":34,"column":1}},"35":{"start":{"line":36,"column":0},"end":{"line":36,"column":65}},"36":{"start":{"line":37,"column":0},"end":{"line":37,"column":69}},"37":{"start":{"line":38,"column":0},"end":{"line":38,"column":67}},"44":{"start":{"line":45,"column":0},"end":{"line":45,"column":35}},"45":{"start":{"line":46,"column":0},"end":{"line":46,"column":19}},"46":{"start":{"line":47,"column":0},"end":{"line":47,"column":15}},"47":{"start":{"line":48,"column":0},"end":{"line":48,"column":13}},"48":{"start":{"line":49,"column":0},"end":{"line":49,"column":52}},"49":{"start":{"line":50,"column":0},"end":{"line":50,"column":34}},"50":{"start":{"line":51,"column":0},"end":{"line":51,"column":6}},"51":{"start":{"line":52,"column":0},"end":{"line":52,"column":61}},"52":{"start":{"line":53,"column":0},"end":{"line":53,"column":39}},"53":{"start":{"line":54,"column":0},"end":{"line":54,"column":6}},"54":{"start":{"line":55,"column":0},"end":{"line":55,"column":51}},"55":{"start":{"line":56,"column":0},"end":{"line":56,"column":33}},"56":{"start":{"line":57,"column":0},"end":{"line":57,"column":6}},"57":{"start":{"line":58,"column":0},"end":{"line":58,"column":27}},"58":{"start":{"line":59,"column":0},"end":{"line":59,"column":28}},"59":{"start":{"line":60,"column":0},"end":{"line":60,"column":6}},"60":{"start":{"line":61,"column":0},"end":{"line":61,"column":24}},"61":{"start":{"line":62,"column":0},"end":{"line":62,"column":27}},"62":{"start":{"line":63,"column":0},"end":{"line":63,"column":24}},"63":{"start":{"line":64,"column":0},"end":{"line":64,"column":28}},"64":{"start":{"line":65,"column":0},"end":{"line":65,"column":29}},"65":{"start":{"line":66,"column":0},"end":{"line":66,"column":20}},"66":{"start":{"line":67,"column":0},"end":{"line":67,"column":29}},"67":{"start":{"line":68,"column":0},"end":{"line":68,"column":6}},"68":{"start":{"line":69,"column":0},"end":{"line":69,"column":92}},"69":{"start":{"line":70,"column":0},"end":{"line":70,"column":47}},"70":{"start":{"line":71,"column":0},"end":{"line":71,"column":38}},"71":{"start":{"line":72,"column":0},"end":{"line":72,"column":29}},"72":{"start":{"line":73,"column":0},"end":{"line":73,"column":32}},"73":{"start":{"line":74,"column":0},"end":{"line":74,"column":24}},"74":{"start":{"line":75,"column":0},"end":{"line":75,"column":6}},"75":{"start":{"line":76,"column":0},"end":{"line":76,"column":4}},"76":{"start":{"line":77,"column":0},"end":{"line":77,"column":31}},"77":{"start":{"line":78,"column":0},"end":{"line":78,"column":11}},"78":{"start":{"line":79,"column":0},"end":{"line":79,"column":18}},"79":{"start":{"line":80,"column":0},"end":{"line":80,"column":85}},"80":{"start":{"line":81,"column":0},"end":{"line":81,"column":47}},"81":{"start":{"line":82,"column":0},"end":{"line":82,"column":28}},"82":{"start":{"line":83,"column":0},"end":{"line":83,"column":61}},"83":{"start":{"line":84,"column":0},"end":{"line":84,"column":38}},"84":{"start":{"line":85,"column":0},"end":{"line":85,"column":34}},"85":{"start":{"line":86,"column":0},"end":{"line":86,"column":69}},"86":{"start":{"line":87,"column":0},"end":{"line":87,"column":27}},"87":{"start":{"line":88,"column":0},"end":{"line":88,"column":32}},"88":{"start":{"line":89,"column":0},"end":{"line":89,"column":28}},"89":{"start":{"line":90,"column":0},"end":{"line":90,"column":14}},"90":{"start":{"line":91,"column":0},"end":{"line":91,"column":32}},"91":{"start":{"line":92,"column":0},"end":{"line":92,"column":49}},"92":{"start":{"line":93,"column":0},"end":{"line":93,"column":54}},"93":{"start":{"line":94,"column":0},"end":{"line":94,"column":13}},"94":{"start":{"line":95,"column":0},"end":{"line":95,"column":35}},"95":{"start":{"line":96,"column":0},"end":{"line":96,"column":11}},"96":{"start":{"line":97,"column":0},"end":{"line":97,"column":10}},"97":{"start":{"line":98,"column":0},"end":{"line":98,"column":7}},"98":{"start":{"line":99,"column":0},"end":{"line":99,"column":18}},"99":{"start":{"line":100,"column":0},"end":{"line":100,"column":9}},"100":{"start":{"line":101,"column":0},"end":{"line":101,"column":17}},"102":{"start":{"line":103,"column":0},"end":{"line":103,"column":49}},"103":{"start":{"line":104,"column":0},"end":{"line":104,"column":28}},"104":{"start":{"line":105,"column":0},"end":{"line":105,"column":51}},"105":{"start":{"line":106,"column":0},"end":{"line":106,"column":42}},"106":{"start":{"line":107,"column":0},"end":{"line":107,"column":33}},"107":{"start":{"line":108,"column":0},"end":{"line":108,"column":36}},"108":{"start":{"line":109,"column":0},"end":{"line":109,"column":28}},"109":{"start":{"line":110,"column":0},"end":{"line":110,"column":30}},"110":{"start":{"line":111,"column":0},"end":{"line":111,"column":40}},"111":{"start":{"line":112,"column":0},"end":{"line":112,"column":65}},"112":{"start":{"line":113,"column":0},"end":{"line":113,"column":51}},"113":{"start":{"line":114,"column":0},"end":{"line":114,"column":45}},"114":{"start":{"line":115,"column":0},"end":{"line":115,"column":11}},"115":{"start":{"line":116,"column":0},"end":{"line":116,"column":10}},"116":{"start":{"line":117,"column":0},"end":{"line":117,"column":7}},"117":{"start":{"line":118,"column":0},"end":{"line":118,"column":18}},"118":{"start":{"line":119,"column":0},"end":{"line":119,"column":9}},"119":{"start":{"line":120,"column":0},"end":{"line":120,"column":17}},"124":{"start":{"line":125,"column":0},"end":{"line":125,"column":51}},"125":{"start":{"line":126,"column":0},"end":{"line":126,"column":28}},"126":{"start":{"line":127,"column":0},"end":{"line":127,"column":36}},"127":{"start":{"line":128,"column":0},"end":{"line":128,"column":35}},"128":{"start":{"line":129,"column":0},"end":{"line":129,"column":35}},"129":{"start":{"line":130,"column":0},"end":{"line":130,"column":35}},"130":{"start":{"line":131,"column":0},"end":{"line":131,"column":13}},"131":{"start":{"line":132,"column":0},"end":{"line":132,"column":18}},"132":{"start":{"line":133,"column":0},"end":{"line":133,"column":11}},"133":{"start":{"line":134,"column":0},"end":{"line":134,"column":33}},"134":{"start":{"line":135,"column":0},"end":{"line":135,"column":64}},"135":{"start":{"line":136,"column":0},"end":{"line":136,"column":33}},"136":{"start":{"line":137,"column":0},"end":{"line":137,"column":10}},"137":{"start":{"line":138,"column":0},"end":{"line":138,"column":7}},"138":{"start":{"line":139,"column":0},"end":{"line":139,"column":4}},"139":{"start":{"line":140,"column":0},"end":{"line":140,"column":2}},"141":{"start":{"line":142,"column":0},"end":{"line":142,"column":100}},"142":{"start":{"line":143,"column":0},"end":{"line":143,"column":23}},"144":{"start":{"line":145,"column":0},"end":{"line":145,"column":36}}},"s":{"0":1,"1":1,"24":1,"25":1,"26":1,"27":1,"28":1,"29":1,"30":1,"31":1,"32":1,"33":1,"35":1,"36":1,"37":1,"44":1,"45":1,"46":1,"47":1,"48":1,"49":2,"50":2,"51":1,"52":1,"53":1,"54":1,"55":3,"56":3,"57":1,"58":2,"59":2,"60":1,"61":2,"62":2,"63":2,"64":2,"65":2,"66":2,"67":2,"68":1,"69":3,"70":3,"71":3,"72":3,"73":3,"74":3,"75":1,"76":1,"77":7,"78":7,"79":7,"80":169,"81":7,"82":10,"83":10,"84":10,"85":10,"86":10,"87":10,"88":10,"89":10,"90":10,"91":3,"92":2,"93":10,"94":8,"95":8,"96":10,"97":7,"98":7,"99":7,"100":169,"102":169,"103":7,"104":6,"105":6,"106":6,"107":6,"108":6,"109":6,"110":6,"111":6,"112":6,"113":6,"114":6,"115":6,"116":7,"117":7,"118":7,"119":169,"124":169,"125":7,"126":4,"127":1,"128":1,"129":1,"130":1,"131":1,"132":1,"133":3,"134":4,"135":4,"136":4,"137":7,"138":7,"139":1,"141":1,"142":1,"144":1},"branchMap":{"0":{"type":"branch","line":49,"loc":{"start":{"line":49,"column":4},"end":{"line":51,"column":6}},"locations":[{"start":{"line":49,"column":4},"end":{"line":51,"column":6}}]},"1":{"type":"branch","line":52,"loc":{"start":{"line":52,"column":4},"end":{"line":54,"column":6}},"locations":[{"start":{"line":52,"column":4},"end":{"line":54,"column":6}}]},"2":{"type":"branch","line":55,"loc":{"start":{"line":55,"column":4},"end":{"line":57,"column":6}},"locations":[{"start":{"line":55,"column":4},"end":{"line":57,"column":6}}]},"3":{"type":"branch","line":58,"loc":{"start":{"line":58,"column":4},"end":{"line":60,"column":6}},"locations":[{"start":{"line":58,"column":4},"end":{"line":60,"column":6}}]},"4":{"type":"branch","line":61,"loc":{"start":{"line":61,"column":4},"end":{"line":68,"column":6}},"locations":[{"start":{"line":61,"column":4},"end":{"line":68,"column":6}}]},"5":{"type":"branch","line":69,"loc":{"start":{"line":69,"column":4},"end":{"line":75,"column":6}},"locations":[{"start":{"line":69,"column":4},"end":{"line":75,"column":6}}]},"6":{"type":"branch","line":77,"loc":{"start":{"line":77,"column":17},"end":{"line":139,"column":4}},"locations":[{"start":{"line":77,"column":17},"end":{"line":139,"column":4}}]},"7":{"type":"branch","line":80,"loc":{"start":{"line":80,"column":8},"end":{"line":81,"column":47}},"locations":[{"start":{"line":80,"column":8},"end":{"line":81,"column":47}}]},"8":{"type":"branch","line":82,"loc":{"start":{"line":82,"column":8},"end":{"line":97,"column":10}},"locations":[{"start":{"line":82,"column":8},"end":{"line":97,"column":10}}]},"9":{"type":"branch","line":91,"loc":{"start":{"line":91,"column":19},"end":{"line":92,"column":49}},"locations":[{"start":{"line":91,"column":19},"end":{"line":92,"column":49}}]},"10":{"type":"branch","line":92,"loc":{"start":{"line":92,"column":39},"end":{"line":93,"column":54}},"locations":[{"start":{"line":92,"column":39},"end":{"line":93,"column":54}}]},"11":{"type":"branch","line":94,"loc":{"start":{"line":94,"column":12},"end":{"line":96,"column":11}},"locations":[{"start":{"line":94,"column":12},"end":{"line":96,"column":11}}]},"12":{"type":"branch","line":100,"loc":{"start":{"line":100,"column":8},"end":{"line":103,"column":49}},"locations":[{"start":{"line":100,"column":8},"end":{"line":103,"column":49}}]},"13":{"type":"branch","line":104,"loc":{"start":{"line":104,"column":8},"end":{"line":116,"column":10}},"locations":[{"start":{"line":104,"column":8},"end":{"line":116,"column":10}}]},"14":{"type":"branch","line":119,"loc":{"start":{"line":119,"column":8},"end":{"line":125,"column":51}},"locations":[{"start":{"line":119,"column":8},"end":{"line":125,"column":51}}]},"15":{"type":"branch","line":126,"loc":{"start":{"line":126,"column":8},"end":{"line":137,"column":10}},"locations":[{"start":{"line":126,"column":8},"end":{"line":137,"column":10}}]},"16":{"type":"branch","line":127,"loc":{"start":{"line":127,"column":35},"end":{"line":135,"column":42}},"locations":[{"start":{"line":127,"column":35},"end":{"line":135,"column":42}}]},"17":{"type":"branch","line":127,"loc":{"start":{"line":127,"column":35},"end":{"line":133,"column":11}},"locations":[{"start":{"line":127,"column":35},"end":{"line":133,"column":11}}]},"18":{"type":"branch","line":135,"loc":{"start":{"line":135,"column":31},"end":{"line":135,"column":64}},"locations":[{"start":{"line":135,"column":31},"end":{"line":135,"column":64}}]}},"b":{"0":[2],"1":[1],"2":[3],"3":[2],"4":[2],"5":[3],"6":[7],"7":[169],"8":[10],"9":[3],"10":[2],"11":[8],"12":[169],"13":[6],"14":[169],"15":[4],"16":[3],"17":[1],"18":[1]},"fnMap":{"0":{"name":"setQuery","decl":{"start":{"line":49,"column":4},"end":{"line":51,"column":6}},"loc":{"start":{"line":49,"column":4},"end":{"line":51,"column":6}},"line":49},"1":{"name":"setSearchType","decl":{"start":{"line":52,"column":4},"end":{"line":54,"column":6}},"loc":{"start":{"line":52,"column":4},"end":{"line":54,"column":6}},"line":52},"2":{"name":"setPage","decl":{"start":{"line":55,"column":4},"end":{"line":57,"column":6}},"loc":{"start":{"line":55,"column":4},"end":{"line":57,"column":6}},"line":55},"3":{"name":"clearActiveKey","decl":{"start":{"line":58,"column":4},"end":{"line":60,"column":6}},"loc":{"start":{"line":58,"column":4},"end":{"line":60,"column":6}},"line":58},"4":{"name":"resetSearch","decl":{"start":{"line":61,"column":4},"end":{"line":68,"column":6}},"loc":{"start":{"line":61,"column":4},"end":{"line":68,"column":6}},"line":61},"5":{"name":"applyCachedResults","decl":{"start":{"line":69,"column":4},"end":{"line":75,"column":6}},"loc":{"start":{"line":69,"column":4},"end":{"line":75,"column":6}},"line":69},"6":{"name":"extraReducers","decl":{"start":{"line":77,"column":17},"end":{"line":139,"column":4}},"loc":{"start":{"line":77,"column":17},"end":{"line":139,"column":4}},"line":77},"7":{"name":"builder.addMatcher.query.query","decl":{"start":{"line":80,"column":8},"end":{"line":81,"column":47}},"loc":{"start":{"line":80,"column":8},"end":{"line":81,"column":47}},"line":80},"8":{"name":"builder.addMatcher.addMatcher.state.activeKey","decl":{"start":{"line":100,"column":8},"end":{"line":103,"column":49}},"loc":{"start":{"line":100,"column":8},"end":{"line":103,"column":49}},"line":100},"9":{"name":"builder.addMatcher.addMatcher.addMatcher.state.loadingKey","decl":{"start":{"line":119,"column":8},"end":{"line":125,"column":51}},"loc":{"start":{"line":119,"column":8},"end":{"line":125,"column":51}},"line":119}},"f":{"0":2,"1":1,"2":3,"3":2,"4":2,"5":3,"6":7,"7":169,"8":169,"9":169}}
,"/Users/andriy/tdj/frontend/src/features/search/types.ts": {"path":"/Users/andriy/tdj/frontend/src/features/search/types.ts","all":true,"statementMap":{},"s":{},"branchMap":{"0":{"type":"branch","line":1,"loc":{"start":{"line":1,"column":1175},"end":{"line":61,"column":1}},"locations":[{"start":{"line":1,"column":1175},"end":{"line":61,"column":1}}]}},"b":{"0":[1]},"fnMap":{"0":{"name":"(empty-report)","decl":{"start":{"line":1,"column":1175},"end":{"line":61,"column":1}},"loc":{"start":{"line":1,"column":1175},"end":{"line":61,"column":1}},"line":1}},"f":{"0":1}}
,"/Users/andriy/tdj/frontend/src/features/search/components/Pagination.tsx": {"path":"/Users/andriy/tdj/frontend/src/features/search/components/Pagination.tsx","all":false,"statementMap":{"0":{"start":{"line":1,"column":0},"end":{"line":1,"column":51}},"1":{"start":{"line":2,"column":0},"end":{"line":2,"column":8}},"9":{"start":{"line":10,"column":0},"end":{"line":10,"column":45}},"15":{"start":{"line":16,"column":0},"end":{"line":16,"column":63}},"16":{"start":{"line":17,"column":0},"end":{"line":17,"column":41}},"17":{"start":{"line":18,"column":0},"end":{"line":18,"column":53}},"18":{"start":{"line":19,"column":0},"end":{"line":19,"column":61}},"19":{"start":{"line":20,"column":0},"end":{"line":20,"column":51}},"20":{"start":{"line":21,"column":0},"end":{"line":21,"column":51}},"21":{"start":{"line":22,"column":0},"end":{"line":22,"column":51}},"23":{"start":{"line":24,"column":0},"end":{"line":24,"column":24}},"24":{"start":{"line":25,"column":0},"end":{"line":25,"column":15}},"25":{"start":{"line":26,"column":0},"end":{"line":26,"column":3}},"27":{"start":{"line":28,"column":0},"end":{"line":28,"column":10}},"28":{"start":{"line":29,"column":0},"end":{"line":29,"column":73}},"29":{"start":{"line":30,"column":0},"end":{"line":30,"column":13}},"30":{"start":{"line":31,"column":0},"end":{"line":31,"column":21}},"31":{"start":{"line":32,"column":0},"end":{"line":32,"column":33}},"32":{"start":{"line":33,"column":0},"end":{"line":33,"column":46}},"33":{"start":{"line":34,"column":0},"end":{"line":34,"column":40}},"34":{"start":{"line":35,"column":0},"end":{"line":35,"column":34}},"35":{"start":{"line":36,"column":0},"end":{"line":36,"column":7}},"37":{"start":{"line":38,"column":0},"end":{"line":38,"column":15}},"38":{"start":{"line":39,"column":0},"end":{"line":39,"column":57}},"39":{"start":{"line":40,"column":0},"end":{"line":40,"column":35}},"40":{"start":{"line":41,"column":0},"end":{"line":41,"column":13}},"41":{"start":{"line":42,"column":0},"end":{"line":42,"column":13}},"42":{"start":{"line":43,"column":0},"end":{"line":43,"column":21}},"43":{"start":{"line":44,"column":0},"end":{"line":44,"column":33}},"44":{"start":{"line":45,"column":0},"end":{"line":45,"column":46}},"45":{"start":{"line":46,"column":0},"end":{"line":46,"column":40}},"46":{"start":{"line":47,"column":0},"end":{"line":47,"column":30}},"47":{"start":{"line":48,"column":0},"end":{"line":48,"column":7}},"49":{"start":{"line":50,"column":0},"end":{"line":50,"column":15}},"50":{"start":{"line":51,"column":0},"end":{"line":51,"column":10}},"52":{"start":{"line":53,"column":0},"end":{"line":53,"column":1}}},"s":{"0":1,"1":1,"9":1,"15":1,"16":5,"17":5,"18":5,"19":5,"20":5,"21":5,"23":5,"24":1,"25":1,"27":4,"28":4,"29":4,"30":4,"31":4,"32":4,"33":5,"34":5,"35":5,"37":5,"38":5,"39":5,"40":5,"41":5,"42":5,"43":5,"44":5,"45":5,"46":5,"47":5,"49":5,"50":5,"52":5},"branchMap":{"0":{"type":"branch","line":16,"loc":{"start":{"line":16,"column":7},"end":{"line":53,"column":1}},"locations":[{"start":{"line":16,"column":7},"end":{"line":53,"column":1}}]},"1":{"type":"branch","line":24,"loc":{"start":{"line":24,"column":23},"end":{"line":26,"column":3}},"locations":[{"start":{"line":24,"column":23},"end":{"line":26,"column":3}}]},"2":{"type":"branch","line":26,"loc":{"start":{"line":26,"column":2},"end":{"line":34,"column":30}},"locations":[{"start":{"line":26,"column":2},"end":{"line":34,"column":30}}]},"3":{"type":"branch","line":34,"loc":{"start":{"line":34,"column":19},"end":{"line":34,"column":40}},"locations":[{"start":{"line":34,"column":19},"end":{"line":34,"column":40}}]},"4":{"type":"branch","line":46,"loc":{"start":{"line":46,"column":19},"end":{"line":46,"column":40}},"locations":[{"start":{"line":46,"column":19},"end":{"line":46,"column":40}}]},"5":{"type":"branch","line":45,"loc":{"start":{"line":45,"column":17},"end":{"line":45,"column":46}},"locations":[{"start":{"line":45,"column":17},"end":{"line":45,"column":46}}]}},"b":{"0":[5],"1":[1],"2":[4],"3":[2],"4":[4],"5":[1]},"fnMap":{"0":{"name":"Pagination","decl":{"start":{"line":16,"column":7},"end":{"line":53,"column":1}},"loc":{"start":{"line":16,"column":7},"end":{"line":53,"column":1}},"line":16},"1":{"name":"onClick","decl":{"start":{"line":33,"column":17},"end":{"line":33,"column":46}},"loc":{"start":{"line":33,"column":17},"end":{"line":33,"column":46}},"line":33},"2":{"name":"onClick","decl":{"start":{"line":45,"column":17},"end":{"line":45,"column":46}},"loc":{"start":{"line":45,"column":17},"end":{"line":45,"column":46}},"line":45}},"f":{"0":5,"1":0,"2":1}}
,"/Users/andriy/tdj/frontend/src/features/search/components/RepositoryCard.tsx": {"path":"/Users/andriy/tdj/frontend/src/features/search/components/RepositoryCard.tsx","all":false,"statementMap":{"0":{"start":{"line":1,"column":0},"end":{"line":1,"column":49}},"7":{"start":{"line":8,"column":0},"end":{"line":8,"column":69}},"8":{"start":{"line":9,"column":0},"end":{"line":9,"column":10}},"9":{"start":{"line":10,"column":0},"end":{"line":10,"column":6}},"10":{"start":{"line":11,"column":0},"end":{"line":11,"column":29}},"11":{"start":{"line":12,"column":0},"end":{"line":12,"column":32}},"12":{"start":{"line":13,"column":0},"end":{"line":13,"column":21}},"13":{"start":{"line":14,"column":0},"end":{"line":14,"column":31}},"15":{"start":{"line":16,"column":0},"end":{"line":16,"column":37}},"16":{"start":{"line":17,"column":0},"end":{"line":17,"column":12}},"17":{"start":{"line":18,"column":0},"end":{"line":18,"column":35}},"18":{"start":{"line":19,"column":0},"end":{"line":19,"column":43}},"19":{"start":{"line":20,"column":0},"end":{"line":20,"column":16}},"20":{"start":{"line":21,"column":0},"end":{"line":21,"column":20}},"21":{"start":{"line":22,"column":0},"end":{"line":22,"column":21}},"22":{"start":{"line":23,"column":0},"end":{"line":23,"column":31}},"23":{"start":{"line":24,"column":0},"end":{"line":24,"column":207}},"24":{"start":{"line":25,"column":0},"end":{"line":25,"column":12}},"25":{"start":{"line":26,"column":0},"end":{"line":26,"column":10}},"26":{"start":{"line":27,"column":0},"end":{"line":27,"column":13}},"27":{"start":{"line":28,"column":0},"end":{"line":28,"column":66}},"28":{"start":{"line":29,"column":0},"end":{"line":29,"column":60}},"29":{"start":{"line":30,"column":0},"end":{"line":30,"column":14}},"30":{"start":{"line":31,"column":0},"end":{"line":31,"column":12}},"31":{"start":{"line":32,"column":0},"end":{"line":32,"column":40}},"32":{"start":{"line":33,"column":0},"end":{"line":33,"column":52}},"33":{"start":{"line":34,"column":0},"end":{"line":34,"column":10}},"34":{"start":{"line":35,"column":0},"end":{"line":35,"column":35}},"35":{"start":{"line":36,"column":0},"end":{"line":36,"column":65}},"36":{"start":{"line":37,"column":0},"end":{"line":37,"column":60}},"37":{"start":{"line":38,"column":0},"end":{"line":38,"column":45}},"38":{"start":{"line":39,"column":0},"end":{"line":39,"column":11}},"39":{"start":{"line":40,"column":0},"end":{"line":40,"column":8}},"41":{"start":{"line":42,"column":0},"end":{"line":42,"column":1}}},"s":{"0":1,"7":1,"8":1,"9":1,"10":1,"11":1,"12":1,"13":1,"15":1,"16":1,"17":1,"18":1,"19":1,"20":1,"21":1,"22":1,"23":0,"24":0,"25":1,"26":1,"27":1,"28":1,"29":1,"30":1,"31":1,"32":1,"33":1,"34":1,"35":1,"36":1,"37":1,"38":1,"39":1,"41":1},"branchMap":{"0":{"type":"branch","line":8,"loc":{"start":{"line":8,"column":7},"end":{"line":42,"column":1}},"locations":[{"start":{"line":8,"column":7},"end":{"line":42,"column":1}}]},"1":{"type":"branch","line":33,"loc":{"start":{"line":33,"column":20},"end":{"line":33,"column":52}},"locations":[{"start":{"line":33,"column":20},"end":{"line":33,"column":52}}]},"2":{"type":"branch","line":38,"loc":{"start":{"line":38,"column":24},"end":{"line":38,"column":40}},"locations":[{"start":{"line":38,"column":24},"end":{"line":38,"column":40}}]}},"b":{"0":[1],"1":[0],"2":[0]},"fnMap":{"0":{"name":"RepositoryCard","decl":{"start":{"line":8,"column":7},"end":{"line":42,"column":1}},"loc":{"start":{"line":8,"column":7},"end":{"line":42,"column":1}},"line":8},"1":{"name":"onError","decl":{"start":{"line":23,"column":19},"end":{"line":25,"column":12}},"loc":{"start":{"line":23,"column":19},"end":{"line":25,"column":12}},"line":23}},"f":{"0":1,"1":0}}
,"/Users/andriy/tdj/frontend/src/features/search/components/ResultsGrid.tsx": {"path":"/Users/andriy/tdj/frontend/src/features/search/components/ResultsGrid.tsx","all":false,"statementMap":{"0":{"start":{"line":1,"column":0},"end":{"line":1,"column":51}},"1":{"start":{"line":2,"column":0},"end":{"line":2,"column":103}},"3":{"start":{"line":4,"column":0},"end":{"line":4,"column":49}},"4":{"start":{"line":5,"column":0},"end":{"line":5,"column":46}},"5":{"start":{"line":6,"column":0},"end":{"line":6,"column":37}},"7":{"start":{"line":8,"column":0},"end":{"line":8,"column":31}},"8":{"start":{"line":9,"column":0},"end":{"line":9,"column":53}},"9":{"start":{"line":10,"column":0},"end":{"line":10,"column":52}},"10":{"start":{"line":11,"column":0},"end":{"line":11,"column":51}},"11":{"start":{"line":12,"column":0},"end":{"line":12,"column":43}},"13":{"start":{"line":14,"column":0},"end":{"line":14,"column":18}},"14":{"start":{"line":15,"column":0},"end":{"line":15,"column":12}},"15":{"start":{"line":16,"column":0},"end":{"line":16,"column":10}},"16":{"start":{"line":17,"column":0},"end":{"line":17,"column":31}},"17":{"start":{"line":18,"column":0},"end":{"line":18,"column":24}},"18":{"start":{"line":19,"column":0},"end":{"line":19,"column":26}},"19":{"start":{"line":20,"column":0},"end":{"line":20,"column":52}},"21":{"start":{"line":22,"column":0},"end":{"line":22,"column":70}},"22":{"start":{"line":23,"column":0},"end":{"line":23,"column":54}},"23":{"start":{"line":24,"column":0},"end":{"line":24,"column":76}},"24":{"start":{"line":25,"column":0},"end":{"line":25,"column":11}},"25":{"start":{"line":26,"column":0},"end":{"line":26,"column":12}},"27":{"start":{"line":28,"column":0},"end":{"line":28,"column":3}},"29":{"start":{"line":30,"column":0},"end":{"line":30,"column":29}},"30":{"start":{"line":31,"column":0},"end":{"line":31,"column":15}},"31":{"start":{"line":32,"column":0},"end":{"line":32,"column":3}},"33":{"start":{"line":34,"column":0},"end":{"line":34,"column":31}},"34":{"start":{"line":35,"column":0},"end":{"line":35,"column":12}},"35":{"start":{"line":36,"column":0},"end":{"line":36,"column":35}},"36":{"start":{"line":37,"column":0},"end":{"line":37,"column":50}},"37":{"start":{"line":38,"column":0},"end":{"line":38,"column":48}},"38":{"start":{"line":39,"column":0},"end":{"line":39,"column":11}},"39":{"start":{"line":40,"column":0},"end":{"line":40,"column":12}},"41":{"start":{"line":42,"column":0},"end":{"line":42,"column":3}},"43":{"start":{"line":44,"column":0},"end":{"line":44,"column":10}},"44":{"start":{"line":45,"column":0},"end":{"line":45,"column":33}},"45":{"start":{"line":46,"column":0},"end":{"line":46,"column":54}},"46":{"start":{"line":47,"column":0},"end":{"line":47,"column":58}},"47":{"start":{"line":48,"column":0},"end":{"line":48,"column":9}},"48":{"start":{"line":49,"column":0},"end":{"line":49,"column":10}},"50":{"start":{"line":51,"column":0},"end":{"line":51,"column":1}}},"s":{"0":1,"1":1,"3":1,"4":1,"5":1,"7":1,"8":4,"9":4,"10":4,"11":4,"13":4,"14":1,"15":1,"16":1,"17":1,"18":1,"19":1,"21":1,"22":1,"23":6,"24":1,"25":1,"27":1,"29":4,"30":1,"31":1,"33":4,"34":1,"35":1,"36":1,"37":1,"38":1,"39":1,"41":1,"43":1,"44":1,"45":1,"46":1,"47":1,"48":1,"50":1},"branchMap":{"0":{"type":"branch","line":8,"loc":{"start":{"line":8,"column":7},"end":{"line":51,"column":1}},"locations":[{"start":{"line":8,"column":7},"end":{"line":51,"column":1}}]},"1":{"type":"branch","line":14,"loc":{"start":{"line":14,"column":17},"end":{"line":28,"column":3}},"locations":[{"start":{"line":14,"column":17},"end":{"line":28,"column":3}}]},"2":{"type":"branch","line":28,"loc":{"start":{"line":28,"column":2},"end":{"line":30,"column":28}},"locations":[{"start":{"line":28,"column":2},"end":{"line":30,"column":28}}]},"3":{"type":"branch","line":30,"loc":{"start":{"line":30,"column":28},"end":{"line":32,"column":3}},"locations":[{"start":{"line":30,"column":28},"end":{"line":32,"column":3}}]},"4":{"type":"branch","line":32,"loc":{"start":{"line":32,"column":2},"end":{"line":34,"column":30}},"locations":[{"start":{"line":32,"column":2},"end":{"line":34,"column":30}}]},"5":{"type":"branch","line":34,"loc":{"start":{"line":34,"column":30},"end":{"line":51,"column":1}},"locations":[{"start":{"line":34,"column":30},"end":{"line":51,"column":1}}]},"6":{"type":"branch","line":23,"loc":{"start":{"line":23,"column":39},"end":{"line":24,"column":76}},"locations":[{"start":{"line":23,"column":39},"end":{"line":24,"column":76}}]},"7":{"type":"branch","line":37,"loc":{"start":{"line":37,"column":39},"end":{"line":38,"column":48}},"locations":[{"start":{"line":37,"column":39},"end":{"line":38,"column":48}}]},"8":{"type":"branch","line":46,"loc":{"start":{"line":46,"column":43},"end":{"line":47,"column":58}},"locations":[{"start":{"line":46,"column":43},"end":{"line":47,"column":58}}]}},"b":{"0":[4],"1":[1],"2":[3],"3":[1],"4":[2],"5":[1],"6":[6],"7":[1],"8":[1]},"fnMap":{"0":{"name":"ResultsGrid","decl":{"start":{"line":8,"column":7},"end":{"line":51,"column":1}},"loc":{"start":{"line":8,"column":7},"end":{"line":51,"column":1}},"line":8}},"f":{"0":4}}
,"/Users/andriy/tdj/frontend/src/features/search/components/SearchForm.tsx": {"path":"/Users/andriy/tdj/frontend/src/features/search/components/SearchForm.tsx","all":false,"statementMap":{"0":{"start":{"line":1,"column":0},"end":{"line":1,"column":45}},"12":{"start":{"line":13,"column":0},"end":{"line":13,"column":28}},"13":{"start":{"line":14,"column":0},"end":{"line":14,"column":8}},"14":{"start":{"line":15,"column":0},"end":{"line":15,"column":13}},"15":{"start":{"line":16,"column":0},"end":{"line":16,"column":16}},"16":{"start":{"line":17,"column":0},"end":{"line":17,"column":21}},"17":{"start":{"line":18,"column":0},"end":{"line":18,"column":19}},"18":{"start":{"line":19,"column":0},"end":{"line":19,"column":18}},"19":{"start":{"line":20,"column":0},"end":{"line":20,"column":21}},"20":{"start":{"line":21,"column":0},"end":{"line":21,"column":10}},"21":{"start":{"line":22,"column":0},"end":{"line":22,"column":9}},"22":{"start":{"line":23,"column":0},"end":{"line":23,"column":127}},"23":{"start":{"line":24,"column":0},"end":{"line":24,"column":50}},"25":{"start":{"line":26,"column":0},"end":{"line":26,"column":53}},"26":{"start":{"line":27,"column":0},"end":{"line":27,"column":20}},"27":{"start":{"line":28,"column":0},"end":{"line":28,"column":76}},"29":{"start":{"line":30,"column":0},"end":{"line":30,"column":39}},"30":{"start":{"line":31,"column":0},"end":{"line":31,"column":14}},"31":{"start":{"line":32,"column":0},"end":{"line":32,"column":23}},"32":{"start":{"line":33,"column":0},"end":{"line":33,"column":34}},"33":{"start":{"line":34,"column":0},"end":{"line":34,"column":23}},"34":{"start":{"line":35,"column":0},"end":{"line":35,"column":65}},"35":{"start":{"line":36,"column":0},"end":{"line":36,"column":40}},"36":{"start":{"line":37,"column":0},"end":{"line":37,"column":25}},"37":{"start":{"line":38,"column":0},"end":{"line":38,"column":36}},"38":{"start":{"line":39,"column":0},"end":{"line":39,"column":19}},"39":{"start":{"line":40,"column":0},"end":{"line":40,"column":10}},"40":{"start":{"line":41,"column":0},"end":{"line":41,"column":46}},"41":{"start":{"line":42,"column":0},"end":{"line":42,"column":17}},"42":{"start":{"line":43,"column":0},"end":{"line":43,"column":37}},"43":{"start":{"line":44,"column":0},"end":{"line":44,"column":30}},"44":{"start":{"line":45,"column":0},"end":{"line":45,"column":86}},"45":{"start":{"line":46,"column":0},"end":{"line":46,"column":36}},"47":{"start":{"line":48,"column":0},"end":{"line":48,"column":47}},"48":{"start":{"line":49,"column":0},"end":{"line":49,"column":60}},"49":{"start":{"line":50,"column":0},"end":{"line":50,"column":19}},"50":{"start":{"line":51,"column":0},"end":{"line":51,"column":14}},"51":{"start":{"line":52,"column":0},"end":{"line":52,"c
[...]
23":{"start":{"line":124,"column":0},"end":{"line":124,"column":21}},"124":{"start":{"line":125,"column":0},"end":{"line":125,"column":16}},"125":{"start":{"line":126,"column":0},"end":{"line":126,"column":3}},"126":{"start":{"line":127,"column":0},"end":{"line":127,"column":1}}},"s":{"0":1,"1":1,"2":1,"3":1,"4":1,"11":1,"16":1,"17":9,"18":9,"19":9,"20":9,"21":9,"23":9,"24":12,"25":12,"26":9,"28":9,"29":9,"30":3,"31":3,"32":0,"33":0,"34":0,"35":0,"37":3,"38":3,"39":3,"40":3,"41":3,"42":0,"43":0,"44":3,"45":9,"46":9,"48":9,"49":9,"50":5,"51":9,"53":9,"55":9,"56":1,"57":1,"58":9,"59":9,"61":9,"62":5,"63":5,"64":5,"65":5,"66":5,"67":9,"69":9,"70":2,"71":2,"73":2,"74":1,"75":1,"76":1,"77":1,"78":1,"80":1,"81":1,"82":2,"84":9,"85":1,"86":1,"87":1,"88":1,"89":1,"91":1,"92":1,"93":1,"94":1,"95":1,"97":9,"98":1,"99":1,"101":1,"102":1,"103":1,"104":1,"105":1,"107":9,"108":1,"109":1,"110":1,"111":1,"112":1,"113":1,"114":1,"115":1,"117":9,"118":9,"119":9,"120":9,"121":9,"122":9,"123":9,"124":9,"125":9,"126":9},"branchMap":{"0":{"type":"branch","line":17,"loc":{"start":{"line":17,"column":7},"end":{"line":127,"column":1}},"locations":[{"start":{"line":17,"column":7},"end":{"line":127,"column":1}}]},"1":{"type":"branch","line":24,"loc":{"start":{"line":24,"column":35},"end":{"line":27,"column":5}},"locations":[{"start":{"line":24,"column":35},"end":{"line":27,"column":5}}]},"2":{"type":"branch","line":25,"loc":{"start":{"line":25,"column":15},"end":{"line":25,"column":30}},"locations":[{"start":{"line":25,"column":15},"end":{"line":25,"column":30}}]},"3":{"type":"branch","line":30,"loc":{"start":{"line":30,"column":4},"end":{"line":45,"column":6}},"locations":[{"start":{"line":30,"column":4},"end":{"line":45,"column":6}}]},"4":{"type":"branch","line":32,"loc":{"start":{"line":32,"column":30},"end":{"line":36,"column":7}},"locations":[{"start":{"line":32,"column":30},"end":{"line":36,"column":7}}]},"5":{"type":"branch","line":42,"loc":{"start":{"line":42,"column":76},"end":{"line":44,"column":7}},"locations":[{"start":{"line":42,"column":76},"end":{"line":44,"column":7}}]},"6":{"type":"branch","line":50,"loc":{"start":{"line":50,"column":12},"end":{"line":52,"column":5}},"locations":[{"start":{"line":50,"column":12},"end":{"line":52,"column":5}}]},"7":{"type":"branch","line":56,"loc":{"start":{"line":56,"column":13},"end":{"line":59,"column":7}},"locations":[{"start":{"line":56,"column":13},"end":{"line":59,"column":7}}]},"8":{"type":"branch","line":62,"loc":{"start":{"line":62,"column":12},"end":{"line":68,"column":5}},"locations":[{"start":{"line":62,"column":12},"end":{"line":68,"column":5}}]},"9":{"type":"branch","line":64,"loc":{"start":{"line":64,"column":11},"end":{"line":67,"column":5}},"locations":[{"start":{"line":64,"column":11},"end":{"line":67,"column":5}}]},"10":{"type":"branch","line":70,"loc":{"start":{"line":70,"column":28},"end":{"line":83,"column":3}},"locations":[{"start":{"line":70,"column":28},"end":{"line":83,"column":3}}]},"11":{"type":"branch","line":74,"loc":{"start":{"line":74,"column":28},"end":{"line":82,"column":51}},"locations":[{"start":{"line":74,"column":28},"end":{"line":82,"column":51}}]},"12":{"type":"branch","line":85,"loc":{"start":{"line":85,"column":33},"end":{"line":96,"column":3}},"locations":[{"start":{"line":85,"column":33},"end":{"line":96,"column":3}}]},"13":{"type":"branch","line":98,"loc":{"start":{"line":98,"column":27},"end":{"line":106,"column":3}},"locations":[{"start":{"line":98,"column":27},"end":{"line":106,"column":3}}]},"14":{"type":"branch","line":108,"loc":{"start":{"line":108,"column":22},"end":{"line":116,"column":3}},"locations":[{"start":{"line":108,"column":22},"end":{"line":116,"column":3}}]}},"b":{"0":[9],"1":[12],"2":[1],"3":[3],"4":[0],"5":[0],"6":[5],"7":[1],"8":[5],"9":[5],"10":[2],"11":[1],"12":[1],"13":[1],"14":[1]},"fnMap":{"0":{"name":"useSearch","decl":{"start":{"line":17,"column":7},"end":{"line":127,"column":1}},"loc":{"start":{"line":17,"column":7},"end":{"line":127,"column":1}},"line":17},"1":{"name":"handleQueryChange","decl":{"start":{"line":70,"column":28},"end":{"line":83,"column":3}},"loc":{"start":{"line":70,"column":28},"end":{"line":83,"column":3}},"line":70},"2":{"name":"handleSearchTypeChange","decl":{"start":{"line":85,"column":33},"end":{"line":96,"column":3}},"loc":{"start":{"line":85,"column":33},"end":{"line":96,"column":3}},"line":85},"3":{"name":"handlePageChange","decl":{"start":{"line":98,"column":27},"end":{"line":106,"column":3}},"loc":{"start":{"line":98,"column":27},"end":{"line":106,"column":3}},"line":98},"4":{"name":"handleRetry","decl":{"start":{"line":108,"column":22},"end":{"line":116,"column":3}},"loc":{"start":{"line":108,"column":22},"end":{"line":116,"column":3}},"line":108}},"f":{"0":9,"1":2,"2":1,"3":1,"4":1}}
,"/Users/andriy/tdj/frontend/src/pages/SearchPage.tsx": {"path":"/Users/andriy/tdj/frontend/src/pages/SearchPage.tsx","all":true,"statementMap":{"0":{"start":{"line":1,"column":0},"end":{"line":1,"column":60}},"1":{"start":{"line":2,"column":0},"end":{"line":2,"column":45}},"2":{"start":{"line":3,"column":0},"end":{"line":3,"column":69}},"3":{"start":{"line":4,"column":0},"end":{"line":4,"column":71}},"4":{"start":{"line":5,"column":0},"end":{"line":5,"column":69}},"5":{"start":{"line":6,"column":0},"end":{"line":6,"column":73}},"6":{"start":{"line":7,"column":0},"end":{"line":7,"column":62}},"7":{"start":{"line":8,"column":0},"end":{"line":8,"column":8}},"12":{"start":{"line":13,"column":0},"end":{"line":13,"column":45}},"14":{"start":{"line":15,"column":0},"end":{"line":15,"column":30}},"15":{"start":{"line":16,"column":0},"end":{"line":16,"column":9}},"16":{"start":{"line":17,"column":0},"end":{"line":17,"column":10}},"17":{"start":{"line":18,"column":0},"end":{"line":18,"column":15}},"18":{"start":{"line":19,"column":0},"end":{"line":19,"column":22}},"19":{"start":{"line":20,"column":0},"end":{"line":20,"column":27}},"20":{"start":{"line":21,"column":0},"end":{"line":21,"column":21}},"21":{"start":{"line":22,"column":0},"end":{"line":22,"column":16}},"22":{"start":{"line":23,"column":0},"end":{"line":23,"column":17}},"24":{"start":{"line":25,"column":0},"end":{"line":25,"column":51}},"25":{"start":{"line":26,"column":0},"end":{"line":26,"column":49}},"26":{"start":{"line":27,"column":0},"end":{"line":27,"column":56}},"28":{"start":{"line":29,"column":0},"end":{"line":29,"column":10}},"29":{"start":{"line":30,"column":0},"end":{"line":30,"column":36}},"30":{"start":{"line":31,"column":0},"end":{"line":31,"column":77}},"31":{"start":{"line":32,"column":0},"end":{"line":32,"column":19}},"32":{"start":{"line":33,"column":0},"end":{"line":33,"column":23}},"33":{"start":{"line":34,"column":0},"end":{"line":34,"column":33}},"34":{"start":{"line":35,"column":0},"end":{"line":35,"column":43}},"35":{"start":{"line":36,"column":0},"end":{"line":36,"column":53}},"36":{"start":{"line":37,"column":0},"end":{"line":37,"column":29}},"37":{"start":{"line":38,"column":0},"end":{"line":38,"column":28}},"38":{"start":{"line":39,"column":0},"end":{"line":39,"column":10}},"39":{"start":{"line":40,"column":0},"end":{"line":40,"column":34}},"40":{"start":{"line":41,"column":0},"end":{"line":41,"column":60}},"41":{"start":{"line":42,"column":0},"end":{"line":42,"column":22}},"42":{"start":{"line":43,"column":0},"end":{"line":43,"column":14}},"44":{"start":{"line":45,"column":0},"end":{"line":45,"column":15}},"46":{"start":{"line":47,"column":0},"end":{"line":47,"column":20}},"47":{"start":{"line":48,"column":0},"end":{"line":48,"column":91}},"48":{"start":{"line":49,"column":0},"end":{"line":49,"column":48}},"49":{"start":{"line":50,"column":0},"end":{"line":50,"column":25}},"50":{"start":{"line":51,"column":0},"end":{"line":51,"column":56}},"51":{"start":{"line":52,"column":0},"end":{"line":52,"column":18}},"53":{"start":{"line":54,"column":0},"end":{"line":54,"column":17}},"55":{"start":{"line":56,"column":0},"end":{"line":56,"column":1}}},"s":{"0":0,"1":0,"2":0,"3":0,"4":0,"5":0,"6":0,"7":0,"12":0,"14":0,"15":0,"16":0,"17":0,"18":0,"19":0,"20":0,"21":0,"22":0,"24":0,"25":0,"26":0,"28":0,"29":0,"30":0,"31":0,"32":0,"33":0,"34":0,"35":0,"36":0,"37":0,"38":0,"39":0,"40":0,"41":0,"42":0,"44":0,"46":0,"47":0,"48":0,"49":0,"50":0,"51":0,"53":0,"55":0},"branchMap":{"0":{"type":"branch","line":1,"loc":{"start":{"line":1,"column":1786},"end":{"line":56,"column":1}},"locations":[{"start":{"line":1,"column":1786},"end":{"line":56,"column":1}}]}},"b":{"0":[0]},"fnMap":{"0":{"name":"(empty-report)","decl":{"start":{"line":1,"column":1786},"end":{"line":56,"column":1}},"loc":{"start":{"line":1,"column":1786},"end":{"line":56,"column":1}},"line":1}},"f":{"0":0}}
,"/Users/andriy/tdj/frontend/src/test/testUtils.tsx": {"path":"/Users/andriy/tdj/frontend/src/test/testUtils.tsx","all":false,"statementMap":{"0":{"start":{"line":1,"column":0},"end":{"line":1,"column":49}},"1":{"start":{"line":2,"column":0},"end":{"line":2,"column":67}},"3":{"start":{"line":4,"column":0},"end":{"line":4,"column":38}},"4":{"start":{"line":5,"column":0},"end":{"line":5,"column":95}},"5":{"start":{"line":6,"column":0},"end":{"line":6,"column":86}},"7":{"start":{"line":8,"column":0},"end":{"line":8,"column":64}},"14":{"start":{"line":15,"column":0},"end":{"line":15,"column":74}},"15":{"start":{"line":16,"column":0},"end":{"line":16,"column":25}},"16":{"start":{"line":17,"column":0},"end":{"line":17,"column":14}},"17":{"start":{"line":18,"column":0},"end":{"line":18,"column":32}},"18":{"start":{"line":19,"column":0},"end":{"line":19,"column":38}},"19":{"start":{"line":20,"column":0},"end":{"line":20,"column":6}},"20":{"start":{"line":21,"column":0},"end":{"line":21,"column":83}},"21":{"start":{"line":22,"column":0},"end":{"line":22,"column":4}},"22":{"start":{"line":23,"column":0},"end":{"line":23,"column":1}},"31":{"start":{"line":32,"column":0},"end":{"line":32,"column":36}},"32":{"start":{"line":33,"column":0},"end":{"line":33,"column":19}},"33":{"start":{"line":34,"column":0},"end":{"line":34,"column":3}},"34":{"start":{"line":35,"column":0},"end":{"line":35,"column":19}},"35":{"start":{"line":36,"column":0},"end":{"line":36,"column":44}},"36":{"start":{"line":37,"column":0},"end":{"line":37,"column":20}},"37":{"start":{"line":38,"column":0},"end":{"line":38,"column":32}},"38":{"start":{"line":39,"column":0},"end":{"line":39,"column":3}},"39":{"start":{"line":40,"column":0},"end":{"line":40,"column":59}},"40":{"start":{"line":41,"column":0},"end":{"line":41,"column":56}},"41":{"start":{"line":42,"column":0},"end":{"line":42,"column":3}},"43":{"start":{"line":44,"column":0},"end":{"line":44,"column":73}},"44":{"start":{"line":45,"column":0},"end":{"line":45,"column":1}},"46":{"start":{"line":47,"column":0},"end":{"line":47,"column":75}},"47":{"start":{"line":48,"column":0},"end":{"line":48,"column":10}},"48":{"start":{"line":49,"column":0},"end":{"line":49,"column":10}},"49":{"start":{"line":50,"column":0},"end":{"line":50,"column":21}},"50":{"start":{"line":51,"column":0},"end":{"line":51,"column":60}},"51":{"start":{"line":52,"column":0},"end":{"line":52,"column":43}},"52":{"start":{"line":53,"column":0},"end":{"line":53,"column":17}},"53":{"start":{"line":54,"column":0},"end":{"line":54,"column":30}},"54":{"start":{"line":55,"column":0},"end":{"line":55,"column":17}},"55":{"start":{"line":56,"column":0},"end":{"line":56,"column":3}},"56":{"start":{"line":57,"column":0},"end":{"line":57,"column":1}},"58":{"start":{"line":59,"column":0},"end":{"line":59,"column":93}},"59":{"start":{"line":60,"column":0},"end":{"line":60,"column":10}},"60":{"start":{"line":61,"column":0},"end":{"line":61,"column":12}},"61":{"start":{"line":62,"column":0},"end":{"line":62,"column":24}},"62":{"start":{"line":63,"column":0},"end":{"line":63,"column":37}},"63":{"start":{"line":64,"column":0},"end":{"line":64,"column":55}},"64":{"start":{"line":65,"column":0},"end":{"line":65,"column":37}},"65":{"start":{"line":66,"column":0},"end":{"line":66,"column":25}},"66":{"start":{"line":67,"column":0},"end":{"line":67,"column":20}},"67":{"start":{"line":68,"column":0},"end":{"line":68,"column":19}},"68":{"start":{"line":69,"column":0},"end":{"line":69,"column":27}},"69":{"start":{"line":70,"column":0},"end":{"line":70,"column":39}},"70":{"start":{"line":71,"column":0},"end":{"line":71,"column":27}},"71":{"start":{"line":72,"column":0},"end":{"line":72,"column":66}},"72":{"start":{"line":73,"column":0},"end":{"line":73,"column":12}},"73":{"start":{"line":74,"column":0},"end":{"line":74,"column":23}},"74":{"start":{"line":75,"column":0},"end":{"line":75,"column":62}},"75":{"start":{"line":76,"column":0},"end":{"line":76,"column":6}},"76":{"start":{"line":77,"column":0},"end":{"line":77,"column":17}},"77":{"start":{"line":78,"column":0},"end":{"line":78,"column":3}},"78":{"start":{"line":79,"column":0},"end":{"line":79,"column":1}},"89":{"start":{"line":90,"column":0},"end":{"line":90,"column":43}},"90":{"start":{"line":91,"column":0},"end":{"line":91,"column":19}},"91":{"start":{"line":92,"column":0},"end":{"line":92,"column":30}},"92":{"start":{"line":93,"column":0},"end":{"line":93,"column":11}},"93":{"start":{"line":94,"column":0},"end":{"line":94,"column":19}},"94":{"start":{"line":95,"column":0},"end":{"line":95,"column":31}},"95":{"start":{"line":96,"column":0},"end":{"line":96,"column":23}},"96":{"start":{"line":97,"column":0},"end":{"line":97,"column":58}},"97":{"start":{"line":98,"column":0},"end":{"line":98,"column":51}},"99":{"start":{"line":100,"column":0},"end":{"line":100,"column":10}},"100":{"start":{"line":101,"column":0},"end":{"line":101,"column":15}},"101":{"start":{"line":102,"column":0},"end":{"line":102,"column":12}},"102":{"start":{"line":103,"column":0},"end":{"line":103,"column":17}},"103":{"start":{"line":104,"column":0},"end":{"line":104,"column":11}},"104":{"start":{"line":105,"column":0},"end":{"line":105,"column":13}},"105":{"start":{"line":106,"column":0},"end":{"line":106,"column":18}},"106":{"start":{"line":107,"column":0},"end":{"line":107,"column":58}},"107":{"start":{"line":108,"column":0},"end":{"line":108,"column":57}},"108":{"start":{"line":109,"column":0},"end":{"line":109,"column":19}},"109":{"start":{"line":110,"column":0},"end":{"line":110,"column":14}},"110":{"start":{"line":111,"column":0},"end":{"line":111,"column":19}},"111":{"start":{"line":112,"column":0},"end":{"line":112,"column":19}},"112":{"start":{"line":113,"column":0},"end":{"line":113,"column":34}},"113":{"start":{"line":114,"column":0},"end":{"line":114,"column":8}},"114":{"start":{"line":115,"column":0},"end":{"line":115,"column":6}},"115":{"start":{"line":116,"column":0},"end":{"line":116,"column":18}},"116":{"start":{"line":117,"column":0},"end":{"line":117,"column":14}},"117":{"start":{"line":118,"column":0},"end":{"line":118,"column":21}},"118":{"start":{"line":119,"column":0},"end":{"line":119,"column":18}},"119":{"start":{"line":120,"column":0},"end":{"line":120,"column":34}},"120":{"start":{"line":121,"column":0},"end":{"line":121,"column":15}},"121":{"start":{"line":122,"column":0},"end":{"line":122,"column":37}},"122":{"start":{"line":123,"column":0},"end":{"line":123,"column":24}},"123":{"start":{"line":124,"column":0},"end":{"line":124,"column":34}},"124":{"start":{"line":125,"column":0},"end":{"line":125,"column":16}},"125":{"start":{"line":126,"column":0},"end":{"line":126,"column":31}},"126":{"start":{"line":127,"column":0},"end":{"line":127,"column":10}},"127":{"start":{"line":128,"column":0},"end":{"line":128,"column":8}},"128":{"start":{"line":129,"column":0},"end":{"line":129,"column":6}},"129":{"start":{"line":130,"column":0},"end":{"line":130,"column":3}},"130":{"start":{"line":131,"column":0},"end":{"line":131,"column":1}}},"s":{"0":1,"1":1,"3":1,"4":1,"5":1,"7":1,"14":1,"15":38,"16":38,"17":38,"18":38,"19":38,"20":38,"21":38,"22":38,"31":1,"32":16,"33":16,"34":16,"35":16,"36":16,"37":16,"38":16,"39":16,"40":16,"41":16,"43":16,"44":16,"46":1,"47":1,"48":1,"49":1,"50":1,"51":1,"52":1,"53":1,"54":1,"55":1,"56":1,"58":1,"59":16,"60":16,"61":16,"62":16,"63":16,"64":16,"65":16,"66":16,"67":16,"68":16,"69":16,"70":16,"71":16,"72":16,"73":16,"74":16,"75":16,"76":16,"77":16,"78":16,"89":1,"90":12,"91":12,"92":12,"93":12,"94":12,"95":12,"96":12,"97":12,"99":12,"100":12,"101":12,"102":12,"103":12,"104":12,"105":12,"106":12,"107":12,"108":12,"109":12,"110":12,"111":12,"112":12,"113":12,"114":12,"115":12,"116":12,"117":12,"118":12,"119":12,"120":12,"121":12,"122":12,"123":12,"124":12,"125":12,"126":12,"127":12,"128":12,"129":12,"130":12},"branchMap":{"0":{"type":"branch","line":15,"loc":{"start":{"line":15,"column":7},"end":{"line":23,"column":1}},"locations":[{"start":{"line":15,"column":7},"end":{"line":23,"column":1}}]},"1":{"type":"branch","line":21,"loc":{"start":{"line":21,"column":8},"end":{"line":21,"column":79}},"locations":[{"start":{"line":21,"column":8},"end":{"line":21,"column":79}}]},"2":{"type":"branch","line":21,"loc":{"start":{"line":21,"column":75},"end":{"line":21,"column":83}},"locations":[{"start":{"line":21,"column":75},"end":{"line":21,"column":83}}]},"3":{"type":"branch","line":32,"loc":{"start":{"line":32,"column":7},"end":{"line":45,"column":1}},"locations":[{"start":{"line":32,"column":7},"end":{"line":45,"column":1}}]},"4":{"type":"branch","line":40,"loc":{"start":{"line":40,"column":2},"end":{"line":42,"column":3}},"locations":[{"start":{"line":40,"column":2},"end":{"line":42,"column":3}}]},"5":{"type":"branch","line":47,"loc":{"start":{"line":47,"column":7},"end":{"line":57,"column":1}},"locations":[{"start":{"line":47,"column":7},"end":{"line":57,"column":1}}]},"6":{"type":"branch","line":59,"loc":{"start":{"line":59,"column":7},"end":{"line":79,"column":1}},"locations":[{"start":{"line":59,"column":7},"end":{"line":79,"column":1}}]},"7":{"type":"branch","line":90,"loc":{"start":{"line":90,"column":7},"end":{"line":131,"column":1}},"locations":[{"start":{"line":90,"column":7},"end":{"line":131,"column":1}}]},"8":{"type":"branch","line":107,"loc":{"start":{"line":107,"column":28},"end":{"line":107,"column":53}},"locations":[{"start":{"line":107,"column":28},"end":{"line":107,"column":53}}]},"9":{"type":"branch","line":107,"loc":{"start":{"line":107,"column":42},"end":{"line":107,"column":58}},"locations":[{"start":{"line":107,"column":42},"end":{"line":107,"column":58}}]},"10":{"type":"branch","line":108,"loc":{"start":{"line":108,"column":29},"end":{"line":108,"column":52}},"locations":[{"start":{"line":108,"column":29},"end":{"line":108,"column":52}}]},"11":{"type":"branch","line":108,"loc":{"start":{"line":108,"column":41},"end":{"line":108,"column":57}},"locations":[{"start":{"line":108,"column":41},"end":{"line":108,"column":57}}]}},"b":{"0":[38],"1":[21],"2":[17],"3":[16],"4":[16],"5":[1],"6":[16],"7":[12],"8":[8],"9":[4],"10":[3],"11":[9]},"fnMap":{"0":{"name":"createTestStore","decl":{"start":{"line":15,"column":7},"end":{"line":23,"column":1}},"loc":{"start":{"line":15,"column":7},"end":{"line":23,"column":1}},"line":15},"1":{"name":"renderWithProviders","decl":{"start":{"line":32,"column":7},"end":{"line":45,"column":1}},"loc":{"start":{"line":32,"column":7},"end":{"line":45,"column":1}},"line":32},"2":{"name":"Wrapper","decl":{"start":{"line":40,"column":2},"end":{"line":42,"column":3}},"loc":{"start":{"line":40,"column":2},"end":{"line":42,"column":3}},"line":40},"3":{"name":"mockUser","decl":{"start":{"line":47,"column":7},"end":{"line":57,"column":1}},"loc":{"start":{"line":47,"column":7},"end":{"line":57,"column":1}},"line":47},"4":{"name":"mockRepository","decl":{"start":{"line":59,"column":7},"end":{"line":79,"column":1}},"loc":{"start":{"line":59,"column":7},"end":{"line":79,"column":1}},"line":59},"5":{"name":"preloadedStateWithResults","decl":{"start":{"line":90,"column":7},"end":{"line":131,"column":1}},"loc":{"start":{"line":90,"column":7},"end":{"line":131,"column":1}},"line":90}},"f":{"0":38,"1":16,"2":16,"3":1,"4":16,"5":12}}
}
